2019-08-20 09:56:58.197 [main] [StartupInfoLogger.java:50] INFO  com.xuyang.blog.Application - Starting Application on MS-20170409HFPN with PID 5628 (D:\WorkSpaces\myitspace\target\classes started by Administrator in D:\WorkSpaces\myitspace) 
2019-08-20 09:56:58.227 [main] [SpringApplication.java:654] INFO  com.xuyang.blog.Application - No active profile set, falling back to default profiles: default 
2019-08-20 09:56:58.333 [main] [AbstractApplicationContext.java:588] INFO  org.springframework.boot.web.servlet.context.AnnotationConfigServletWebServerApplicationContext - Refreshing org.springframework.boot.web.servlet.context.AnnotationConfigServletWebServerApplicationContext@2abf4075: startup date [Tue Aug 20 09:56:58 GMT+08:00 2019]; root of context hierarchy 
2019-08-20 09:56:59.781 [main] [RepositoryConfigurationDelegate.java:172] INFO  org.springframework.data.repository.config.RepositoryConfigurationDelegate - Multiple Spring Data modules found, entering strict repository configuration mode! 
2019-08-20 09:57:00.074 [main] [RepositoryConfigurationDelegate.java:172] INFO  org.springframework.data.repository.config.RepositoryConfigurationDelegate - Multiple Spring Data modules found, entering strict repository configuration mode! 
2019-08-20 09:57:00.110 [main] [RepositoryConfigurationExtensionSupport.java:291] INFO  org.springframework.data.repository.config.RepositoryConfigurationExtensionSupport - Spring Data Redis - Could not safely identify store assignment for repository candidate interface com.xuyang.blog.repository.BlogRepository. 
2019-08-20 09:57:00.111 [main] [RepositoryConfigurationExtensionSupport.java:291] INFO  org.springframework.data.repository.config.RepositoryConfigurationExtensionSupport - Spring Data Redis - Could not safely identify store assignment for repository candidate interface com.xuyang.blog.repository.UserRepository. 
2019-08-20 09:57:01.086 [main] [PostProcessorRegistrationDelegate.java:326] INFO  org.springframework.context.support.PostProcessorRegistrationDelegate$BeanPostProcessorChecker - Bean 'org.springframework.transaction.annotation.ProxyTransactionManagementConfiguration' of type [org.springframework.transaction.annotation.ProxyTransactionManagementConfiguration$$EnhancerBySpringCGLIB$$96e18f08] is not eligible for getting processed by all BeanPostProcessors (for example: not eligible for auto-proxying) 
2019-08-20 09:57:02.261 [main] [TomcatWebServer.java:91] INFO  org.springframework.boot.web.embedded.tomcat.TomcatWebServer - Tomcat initialized with port(s): 8080 (http) 
2019-08-20 09:57:02.282 [main] [DirectJDKLog.java:180] INFO  org.apache.coyote.http11.Http11NioProtocol - Initializing ProtocolHandler ["http-nio-8080"] 
2019-08-20 09:57:02.301 [main] [DirectJDKLog.java:180] INFO  org.apache.catalina.core.StandardService - Starting service [Tomcat] 
2019-08-20 09:57:02.302 [main] [DirectJDKLog.java:180] INFO  org.apache.catalina.core.StandardEngine - Starting Servlet Engine: Apache Tomcat/8.5.34 
2019-08-20 09:57:02.317 [localhost-startStop-1] [DirectJDKLog.java:180] INFO  org.apache.catalina.core.AprLifecycleListener - The APR based Apache Tomcat Native library which allows optimal performance in production environments was not found on the java.library.path: [C:\Program Files\Java\jre1.8.0_121\bin;C:\Windows\Sun\Java\bin;C:\Windows\system32;C:\Windows;C:/Program Files/Java/jre1.8.0_121/bin/server;C:/Program Files/Java/jre1.8.0_121/bin;C:/Program Files/Java/jre1.8.0_121/lib/amd64;D:\APP\python_anaconda3-5.1.0;D:\APP\python_anaconda3-5.1.0\Library\mingw-w64\bin;D:\APP\python_anaconda3-5.1.0\Library\usr\bin;D:\APP\python_anaconda3-5.1.0\Library\bin;D:\APP\python_anaconda3-5.1.0\Scripts;D:\APP\SecureCRT\;C:\ProgramData\Oracle\Java\javapath;C:\Windows\system32;C:\Windows;C:\Windows\System32\Wbem;C:\Windows\System32\WindowsPowerShell\v1.0\;C:\Program Files (x86)\Intel\OpenCL SDK\3.0\bin\x86;C:\Program Files (x86)\Intel\OpenCL SDK\3.0\bin\x64;D:\TortoiseSVN\bin;C:\Program Files\Java\jdk1.8.0_121\bin;C:\Program Files\Java\jdk1.8.0_121\jre\bin;D:\APP\UltraEdit;D:\APP\apache-maven-3.5.3\bin\;C:\Users\Administrator\AppData\Local\Programs\Python\Python36\Scripts\;C:\Users\Administrator\AppData\Local\Programs\Python\Python36\;D:\APP\vscode\Microsoft VS Code\bin;D:\软件\工作软件\eclipse3.0\eclipse;;.] 
2019-08-20 09:57:02.511 [localhost-startStop-1] [DirectJDKLog.java:180] INFO  org.apache.catalina.core.ContainerBase.[Tomcat].[localhost].[/] - Initializing Spring embedded WebApplicationContext 
2019-08-20 09:57:02.512 [localhost-startStop-1] [ServletWebServerApplicationContext.java:285] INFO  org.springframework.web.context.ContextLoader - Root WebApplicationContext: initialization completed in 4193 ms 
2019-08-20 09:57:03.112 [localhost-startStop-1] [AbstractFilterRegistrationBean.java:245] INFO  org.springframework.boot.web.servlet.FilterRegistrationBean - Mapping filter: 'characterEncodingFilter' to: [/*] 
2019-08-20 09:57:03.113 [localhost-startStop-1] [AbstractFilterRegistrationBean.java:245] INFO  org.springframework.boot.web.servlet.FilterRegistrationBean - Mapping filter: 'sessionRepositoryFilter' to: [/*] 
2019-08-20 09:57:03.113 [localhost-startStop-1] [AbstractFilterRegistrationBean.java:245] INFO  org.springframework.boot.web.servlet.FilterRegistrationBean - Mapping filter: 'hiddenHttpMethodFilter' to: [/*] 
2019-08-20 09:57:03.114 [localhost-startStop-1] [AbstractFilterRegistrationBean.java:245] INFO  org.springframework.boot.web.servlet.FilterRegistrationBean - Mapping filter: 'httpPutFormContentFilter' to: [/*] 
2019-08-20 09:57:03.114 [localhost-startStop-1] [AbstractFilterRegistrationBean.java:245] INFO  org.springframework.boot.web.servlet.FilterRegistrationBean - Mapping filter: 'requestContextFilter' to: [/*] 
2019-08-20 09:57:03.114 [localhost-startStop-1] [ServletRegistrationBean.java:187] INFO  org.springframework.boot.web.servlet.ServletRegistrationBean - Servlet dispatcherServlet mapped to [/] 
2019-08-20 09:57:03.402 [main] [HikariDataSource.java:110] INFO  com.zaxxer.hikari.HikariDataSource - HikariPool-1 - Starting... 
2019-08-20 09:57:03.799 [main] [HikariDataSource.java:123] INFO  com.zaxxer.hikari.HikariDataSource - HikariPool-1 - Start completed. 
2019-08-20 09:57:03.870 [main] [LocalContainerEntityManagerFactoryBean.java:361] INFO  org.springframework.orm.jpa.LocalContainerEntityManagerFactoryBean - Building JPA container EntityManagerFactory for persistence unit 'default' 
2019-08-20 09:57:03.909 [main] [LogHelper.java:31] INFO  org.hibernate.jpa.internal.util.LogHelper - HHH000204: Processing PersistenceUnitInfo [
	name: default
	...] 
2019-08-20 09:57:04.174 [main] [Version.java:45] INFO  org.hibernate.Version - HHH000412: Hibernate Core {5.2.17.Final} 
2019-08-20 09:57:04.177 [main] [Environment.java:213] INFO  org.hibernate.cfg.Environment - HHH000206: hibernate.properties not found 
2019-08-20 09:57:04.243 [main] [JavaReflectionManager.java:66] INFO  org.hibernate.annotations.common.Version - HCANN000001: Hibernate Commons Annotations {5.0.1.Final} 
2019-08-20 09:57:04.670 [main] [Dialect.java:157] INFO  org.hibernate.dialect.Dialect - HHH000400: Using dialect: org.hibernate.dialect.MySQL5Dialect 
2019-08-20 09:57:05.377 [main] [AbstractEntityManagerFactoryBean.java:415] INFO  org.springframework.orm.jpa.LocalContainerEntityManagerFactoryBean - Initialized JPA EntityManagerFactory for persistence unit 'default' 
2019-08-20 09:57:06.650 [main] [Slf4JLogger.java:101] INFO  io.lettuce.core.EpollProvider - Starting without optional epoll library 
2019-08-20 09:57:06.653 [main] [Slf4JLogger.java:101] INFO  io.lettuce.core.KqueueProvider - Starting without optional kqueue library 
2019-08-20 09:57:07.702 [main] [AbstractUrlHandlerMapping.java:373] INFO  org.springframework.web.servlet.handler.SimpleUrlHandlerMapping - Mapped URL path [/**/favicon.ico] onto handler of type [class org.springframework.web.servlet.resource.ResourceHttpRequestHandler] 
2019-08-20 09:57:08.226 [main] [RequestMappingHandlerAdapter.java:588] INFO  org.springframework.web.servlet.mvc.method.annotation.RequestMappingHandlerAdapter - Looking for @ControllerAdvice: org.springframework.boot.web.servlet.context.AnnotationConfigServletWebServerApplicationContext@2abf4075: startup date [Tue Aug 20 09:56:58 GMT+08:00 2019]; root of context hierarchy 
2019-08-20 09:57:08.370 [main] [JpaBaseConfiguration.java:237] WARN  org.springframework.boot.autoconfigure.orm.jpa.JpaBaseConfiguration$JpaWebConfiguration$JpaWebMvcConfiguration - spring.jpa.open-in-view is enabled by default. Therefore, database queries may be performed during view rendering. Explicitly configure spring.jpa.open-in-view to disable this warning 
2019-08-20 09:57:08.442 [main] [AbstractHandlerMethodMapping.java:549] INFO  org.springframework.web.servlet.mvc.method.annotation.RequestMappingHandlerMapping - Mapped "{[/blog/]}" onto public java.lang.String com.xuyang.blog.controller.BlogController.index() 
2019-08-20 09:57:08.444 [main] [AbstractHandlerMethodMapping.java:549] INFO  org.springframework.web.servlet.mvc.method.annotation.RequestMappingHandlerMapping - Mapped "{[/blog/add]}" onto public java.lang.String com.xuyang.blog.controller.BlogController.add(com.xuyang.blog.entity.Blog) 
2019-08-20 09:57:08.445 [main] [AbstractHandlerMethodMapping.java:549] INFO  org.springframework.web.servlet.mvc.method.annotation.RequestMappingHandlerMapping - Mapped "{[/blog/delete]}" onto public java.lang.String com.xuyang.blog.controller.BlogController.delete(java.lang.Long) 
2019-08-20 09:57:08.445 [main] [AbstractHandlerMethodMapping.java:549] INFO  org.springframework.web.servlet.mvc.method.annotation.RequestMappingHandlerMapping - Mapped "{[/blog/list]}" onto public java.lang.String com.xuyang.blog.controller.BlogController.list(org.springframework.ui.Model) 
2019-08-20 09:57:08.446 [main] [AbstractHandlerMethodMapping.java:549] INFO  org.springframework.web.servlet.mvc.method.annotation.RequestMappingHandlerMapping - Mapped "{[/blog/toAdd]}" onto public java.lang.String com.xuyang.blog.controller.BlogController.toAdd() 
2019-08-20 09:57:08.448 [main] [AbstractHandlerMethodMapping.java:549] INFO  org.springframework.web.servlet.mvc.method.annotation.RequestMappingHandlerMapping - Mapped "{[/blog/toEdit]}" onto public java.lang.String com.xuyang.blog.controller.BlogController.toEdit(org.springframework.ui.Model,java.lang.Long) 
2019-08-20 09:57:08.448 [main] [AbstractHandlerMethodMapping.java:549] INFO  org.springframework.web.servlet.mvc.method.annotation.RequestMappingHandlerMapping - Mapped "{[/blog/edit]}" onto public java.lang.String com.xuyang.blog.controller.BlogController.edit(com.xuyang.blog.entity.Blog) 
2019-08-20 09:57:08.449 [main] [AbstractHandlerMethodMapping.java:549] INFO  org.springframework.web.servlet.mvc.method.annotation.RequestMappingHandlerMapping - Mapped "{[/blog/testMD]}" onto public java.lang.String com.xuyang.blog.controller.BlogController.testMD() 
2019-08-20 09:57:08.449 [main] [AbstractHandlerMethodMapping.java:549] INFO  org.springframework.web.servlet.mvc.method.annotation.RequestMappingHandlerMapping - Mapped "{[/blog/testEditMD]}" onto public java.lang.String com.xuyang.blog.controller.BlogController.testEditMD() 
2019-08-20 09:57:08.450 [main] [AbstractHandlerMethodMapping.java:549] INFO  org.springframework.web.servlet.mvc.method.annotation.RequestMappingHandlerMapping - Mapped "{[/blog/testIndex]}" onto public java.lang.String com.xuyang.blog.controller.BlogController.testIndex() 
2019-08-20 09:57:08.455 [main] [AbstractHandlerMethodMapping.java:549] INFO  org.springframework.web.servlet.mvc.method.annotation.RequestMappingHandlerMapping - Mapped "{[/]}" onto public java.lang.String com.xuyang.blog.controller.MyController.index() 
2019-08-20 09:57:08.456 [main] [AbstractHandlerMethodMapping.java:549] INFO  org.springframework.web.servlet.mvc.method.annotation.RequestMappingHandlerMapping - Mapped "{[/add]}" onto public java.lang.String com.xuyang.blog.controller.MyController.add(com.xuyang.blog.entity.Blog) 
2019-08-20 09:57:08.457 [main] [AbstractHandlerMethodMapping.java:549] INFO  org.springframework.web.servlet.mvc.method.annotation.RequestMappingHandlerMapping - Mapped "{[/delete]}" onto public java.lang.String com.xuyang.blog.controller.MyController.delete(java.lang.Long) 
2019-08-20 09:57:08.457 [main] [AbstractHandlerMethodMapping.java:549] INFO  org.springframework.web.servlet.mvc.method.annotation.RequestMappingHandlerMapping - Mapped "{[/list]}" onto public java.lang.String com.xuyang.blog.controller.MyController.list(org.springframework.ui.Model) 
2019-08-20 09:57:08.458 [main] [AbstractHandlerMethodMapping.java:549] INFO  org.springframework.web.servlet.mvc.method.annotation.RequestMappingHandlerMapping - Mapped "{[/toAdd]}" onto public java.lang.String com.xuyang.blog.controller.MyController.toAdd() 
2019-08-20 09:57:08.460 [main] [AbstractHandlerMethodMapping.java:549] INFO  org.springframework.web.servlet.mvc.method.annotation.RequestMappingHandlerMapping - Mapped "{[/toEdit]}" onto public java.lang.String com.xuyang.blog.controller.MyController.toEdit(org.springframework.ui.Model,java.lang.Long) 
2019-08-20 09:57:08.461 [main] [AbstractHandlerMethodMapping.java:549] INFO  org.springframework.web.servlet.mvc.method.annotation.RequestMappingHandlerMapping - Mapped "{[/edit]}" onto public java.lang.String com.xuyang.blog.controller.MyController.edit(com.xuyang.blog.entity.Blog) 
2019-08-20 09:57:08.465 [main] [AbstractHandlerMethodMapping.java:549] INFO  org.springframework.web.servlet.mvc.method.annotation.RequestMappingHandlerMapping - Mapped "{[/testMD]}" onto public java.lang.String com.xuyang.blog.controller.MyController.testMD() 
2019-08-20 09:57:08.465 [main] [AbstractHandlerMethodMapping.java:549] INFO  org.springframework.web.servlet.mvc.method.annotation.RequestMappingHandlerMapping - Mapped "{[/testEditMD]}" onto public java.lang.String com.xuyang.blog.controller.MyController.testEditMD() 
2019-08-20 09:57:08.467 [main] [AbstractHandlerMethodMapping.java:549] INFO  org.springframework.web.servlet.mvc.method.annotation.RequestMappingHandlerMapping - Mapped "{[/testIndex]}" onto public java.lang.String com.xuyang.blog.controller.MyController.testIndex() 
2019-08-20 09:57:08.471 [main] [AbstractHandlerMethodMapping.java:549] INFO  org.springframework.web.servlet.mvc.method.annotation.RequestMappingHandlerMapping - Mapped "{[/hello]}" onto public java.lang.String com.xuyang.blog.controller.RestfullAPIController.index() 
2019-08-20 09:57:08.473 [main] [AbstractHandlerMethodMapping.java:549] INFO  org.springframework.web.servlet.mvc.method.annotation.RequestMappingHandlerMapping - Mapped "{[/getUser]}" onto public com.xuyang.blog.entity.User com.xuyang.blog.controller.RestfullAPIController.getUser() 
2019-08-20 09:57:08.473 [main] [AbstractHandlerMethodMapping.java:549] INFO  org.springframework.web.servlet.mvc.method.annotation.RequestMappingHandlerMapping - Mapped "{[/testDB]}" onto public java.util.List<com.xuyang.blog.entity.User> com.xuyang.blog.controller.RestfullAPIController.testDB() 
2019-08-20 09:57:08.475 [main] [AbstractHandlerMethodMapping.java:549] INFO  org.springframework.web.servlet.mvc.method.annotation.RequestMappingHandlerMapping - Mapped "{[/uid]}" onto java.lang.String com.xuyang.blog.controller.RestfullAPIController.uid(javax.servlet.http.HttpSession) 
2019-08-20 09:57:08.478 [main] [AbstractHandlerMethodMapping.java:549] INFO  org.springframework.web.servlet.mvc.method.annotation.RequestMappingHandlerMapping - Mapped "{[/user/]}" onto public java.lang.String com.xuyang.blog.controller.UserController.index() 
2019-08-20 09:57:08.479 [main] [AbstractHandlerMethodMapping.java:549] INFO  org.springframework.web.servlet.mvc.method.annotation.RequestMappingHandlerMapping - Mapped "{[/user/add]}" onto public java.lang.String com.xuyang.blog.controller.UserController.add(com.xuyang.blog.entity.User) 
2019-08-20 09:57:08.480 [main] [AbstractHandlerMethodMapping.java:549] INFO  org.springframework.web.servlet.mvc.method.annotation.RequestMappingHandlerMapping - Mapped "{[/user/delete]}" onto public java.lang.String com.xuyang.blog.controller.UserController.delete(java.lang.Long) 
2019-08-20 09:57:08.481 [main] [AbstractHandlerMethodMapping.java:549] INFO  org.springframework.web.servlet.mvc.method.annotation.RequestMappingHandlerMapping - Mapped "{[/user/list]}" onto public java.lang.String com.xuyang.blog.controller.UserController.list(org.springframework.ui.Model) 
2019-08-20 09:57:08.483 [main] [AbstractHandlerMethodMapping.java:549] INFO  org.springframework.web.servlet.mvc.method.annotation.RequestMappingHandlerMapping - Mapped "{[/user/toAdd]}" onto public java.lang.String com.xuyang.blog.controller.UserController.toAdd() 
2019-08-20 09:57:08.485 [main] [AbstractHandlerMethodMapping.java:549] INFO  org.springframework.web.servlet.mvc.method.annotation.RequestMappingHandlerMapping - Mapped "{[/user/toEdit]}" onto public java.lang.String com.xuyang.blog.controller.UserController.toEdit(org.springframework.ui.Model,java.lang.Long) 
2019-08-20 09:57:08.486 [main] [AbstractHandlerMethodMapping.java:549] INFO  org.springframework.web.servlet.mvc.method.annotation.RequestMappingHandlerMapping - Mapped "{[/user/edit]}" onto public java.lang.String com.xuyang.blog.controller.UserController.edit(com.xuyang.blog.entity.User) 
2019-08-20 09:57:08.492 [main] [AbstractHandlerMethodMapping.java:549] INFO  org.springframework.web.servlet.mvc.method.annotation.RequestMappingHandlerMapping - Mapped "{[/error]}" onto public org.springframework.http.ResponseEntity<java.util.Map<java.lang.String, java.lang.Object>> org.springframework.boot.autoconfigure.web.servlet.error.BasicErrorController.error(javax.servlet.http.HttpServletRequest) 
2019-08-20 09:57:08.494 [main] [AbstractHandlerMethodMapping.java:549] INFO  org.springframework.web.servlet.mvc.method.annotation.RequestMappingHandlerMapping - Mapped "{[/error],produces=[text/html]}" onto public org.springframework.web.servlet.ModelAndView org.springframework.boot.autoconfigure.web.servlet.error.BasicErrorController.errorHtml(javax.servlet.http.HttpServletRequest,javax.servlet.http.HttpServletResponse) 
2019-08-20 09:57:08.581 [main] [AbstractUrlHandlerMapping.java:373] INFO  org.springframework.web.servlet.handler.SimpleUrlHandlerMapping - Mapped URL path [/webjars/**] onto handler of type [class org.springframework.web.servlet.resource.ResourceHttpRequestHandler] 
2019-08-20 09:57:08.582 [main] [AbstractUrlHandlerMapping.java:373] INFO  org.springframework.web.servlet.handler.SimpleUrlHandlerMapping - Mapped URL path [/**] onto handler of type [class org.springframework.web.servlet.resource.ResourceHttpRequestHandler] 
2019-08-20 09:57:08.937 [main] [WelcomePageHandlerMapping.java:61] INFO  org.springframework.boot.autoconfigure.web.servlet.WelcomePageHandlerMapping - Adding welcome page template: index 
2019-08-20 09:57:09.773 [main] [MBeanExporter.java:433] INFO  org.springframework.jmx.export.annotation.AnnotationMBeanExporter - Registering beans for JMX exposure on startup 
2019-08-20 09:57:09.779 [main] [MBeanExporter.java:895] INFO  org.springframework.jmx.export.annotation.AnnotationMBeanExporter - Bean with name 'dataSource' has been autodetected for JMX exposure 
2019-08-20 09:57:09.792 [main] [MBeanExporter.java:668] INFO  org.springframework.jmx.export.annotation.AnnotationMBeanExporter - Located MBean 'dataSource': registering with JMX server as MBean [com.zaxxer.hikari:name=dataSource,type=HikariDataSource] 
2019-08-20 09:57:09.811 [main] [DefaultLifecycleProcessor.java:356] INFO  org.springframework.context.support.DefaultLifecycleProcessor - Starting beans in phase 2147483647 
2019-08-20 09:57:10.394 [main] [ScheduledAnnotationBeanPostProcessor.java:276] INFO  org.springframework.scheduling.annotation.ScheduledAnnotationBeanPostProcessor - No TaskScheduler/ScheduledExecutorService bean found for scheduled processing 
2019-08-20 09:57:10.407 [main] [DirectJDKLog.java:180] INFO  org.apache.coyote.http11.Http11NioProtocol - Starting ProtocolHandler ["http-nio-8080"] 
2019-08-20 09:57:10.409 [main] [DirectJDKLog.java:180] INFO  org.apache.tomcat.util.net.NioSelectorPool - Using a shared selector for servlet write/read 
2019-08-20 09:57:10.449 [main] [TomcatWebServer.java:206] INFO  org.springframework.boot.web.embedded.tomcat.TomcatWebServer - Tomcat started on port(s): 8080 (http) with context path '' 
2019-08-20 09:57:10.458 [main] [StartupInfoLogger.java:59] INFO  com.xuyang.blog.Application - Started Application in 12.83 seconds (JVM running for 14.11) 
2019-08-20 09:57:30.239 [http-nio-8080-exec-2] [DirectJDKLog.java:180] INFO  org.apache.catalina.core.ContainerBase.[Tomcat].[localhost].[/] - Initializing Spring FrameworkServlet 'dispatcherServlet' 
2019-08-20 09:57:30.240 [http-nio-8080-exec-2] [FrameworkServlet.java:494] INFO  org.springframework.web.servlet.DispatcherServlet - FrameworkServlet 'dispatcherServlet': initialization started 
2019-08-20 09:57:30.298 [http-nio-8080-exec-2] [FrameworkServlet.java:509] INFO  org.springframework.web.servlet.DispatcherServlet - FrameworkServlet 'dispatcherServlet': initialization completed in 58 ms 
2019-08-20 10:31:44.812 [main] [AbstractTestContextBootstrapper.java:308] INFO  org.springframework.boot.test.context.SpringBootTestContextBootstrapper - Neither @ContextConfiguration nor @ContextHierarchy found for test class [com.example.springBoot.ApplicationTests], using SpringBootContextLoader 
2019-08-20 10:31:44.833 [main] [AbstractContextLoader.java:264] INFO  org.springframework.test.context.support.AbstractContextLoader - Could not detect default resource locations for test class [com.example.springBoot.ApplicationTests]: no resource found for suffixes {-context.xml, Context.groovy}. 
2019-08-20 10:31:44.835 [main] [AnnotationConfigContextLoaderUtils.java:83] INFO  org.springframework.test.context.support.AnnotationConfigContextLoaderUtils - Could not detect default configuration classes for test class [com.example.springBoot.ApplicationTests]: ApplicationTests does not declare any static, non-private, non-final, nested classes annotated with @Configuration. 
2019-08-20 10:31:45.645 [main] [AbstractHandlerMethodMapping.java:549] INFO  org.springframework.web.servlet.mvc.method.annotation.RequestMappingHandlerMapping - Mapped "{[/hello]}" onto public java.lang.String com.xuyang.blog.controller.RestfullAPIController.index() 
2019-08-20 10:31:45.649 [main] [AbstractHandlerMethodMapping.java:549] INFO  org.springframework.web.servlet.mvc.method.annotation.RequestMappingHandlerMapping - Mapped "{[/getUser]}" onto public com.xuyang.blog.entity.User com.xuyang.blog.controller.RestfullAPIController.getUser() 
2019-08-20 10:31:45.653 [main] [AbstractHandlerMethodMapping.java:549] INFO  org.springframework.web.servlet.mvc.method.annotation.RequestMappingHandlerMapping - Mapped "{[/testDB]}" onto public java.util.List<com.xuyang.blog.entity.User> com.xuyang.blog.controller.RestfullAPIController.testDB() 
2019-08-20 10:31:45.658 [main] [AbstractHandlerMethodMapping.java:549] INFO  org.springframework.web.servlet.mvc.method.annotation.RequestMappingHandlerMapping - Mapped "{[/uid]}" onto java.lang.String com.xuyang.blog.controller.RestfullAPIController.uid(javax.servlet.http.HttpSession) 
2019-08-20 10:31:46.613 [main] [Version.java:21] INFO  org.hibernate.validator.internal.util.Version - HV000001: Hibernate Validator 6.0.13.Final 
2019-08-20 10:31:47.000 [main] [RequestMappingHandlerAdapter.java:588] INFO  org.springframework.web.servlet.mvc.method.annotation.RequestMappingHandlerAdapter - Looking for @ControllerAdvice: org.springframework.test.web.servlet.setup.StubWebApplicationContext@2dc54ad4 
2019-08-20 10:31:47.178 [main] [MockServletContext.java:438] INFO  org.springframework.mock.web.MockServletContext - Initializing Spring FrameworkServlet '' 
2019-08-20 10:31:47.179 [main] [FrameworkServlet.java:494] INFO  org.springframework.test.web.servlet.TestDispatcherServlet - FrameworkServlet '': initialization started 
2019-08-20 10:31:47.186 [main] [FrameworkServlet.java:509] INFO  org.springframework.test.web.servlet.TestDispatcherServlet - FrameworkServlet '': initialization completed in 6 ms 
2019-08-20 10:31:47.543 [main] [AbstractHandlerMethodMapping.java:549] INFO  org.springframework.web.servlet.mvc.method.annotation.RequestMappingHandlerMapping - Mapped "{[/hello]}" onto public java.lang.String com.xuyang.blog.controller.RestfullAPIController.index() 
2019-08-20 10:31:47.544 [main] [AbstractHandlerMethodMapping.java:549] INFO  org.springframework.web.servlet.mvc.method.annotation.RequestMappingHandlerMapping - Mapped "{[/getUser]}" onto public com.xuyang.blog.entity.User com.xuyang.blog.controller.RestfullAPIController.getUser() 
2019-08-20 10:31:47.545 [main] [AbstractHandlerMethodMapping.java:549] INFO  org.springframework.web.servlet.mvc.method.annotation.RequestMappingHandlerMapping - Mapped "{[/testDB]}" onto public java.util.List<com.xuyang.blog.entity.User> com.xuyang.blog.controller.RestfullAPIController.testDB() 
2019-08-20 10:31:47.547 [main] [AbstractHandlerMethodMapping.java:549] INFO  org.springframework.web.servlet.mvc.method.annotation.RequestMappingHandlerMapping - Mapped "{[/uid]}" onto java.lang.String com.xuyang.blog.controller.RestfullAPIController.uid(javax.servlet.http.HttpSession) 
2019-08-20 10:31:47.602 [main] [RequestMappingHandlerAdapter.java:588] INFO  org.springframework.web.servlet.mvc.method.annotation.RequestMappingHandlerAdapter - Looking for @ControllerAdvice: org.springframework.test.web.servlet.setup.StubWebApplicationContext@1f9d6c7b 
2019-08-20 10:31:47.616 [main] [MockServletContext.java:438] INFO  org.springframework.mock.web.MockServletContext - Initializing Spring FrameworkServlet '' 
2019-08-20 10:31:47.617 [main] [FrameworkServlet.java:494] INFO  org.springframework.test.web.servlet.TestDispatcherServlet - FrameworkServlet '': initialization started 
2019-08-20 10:31:47.618 [main] [FrameworkServlet.java:509] INFO  org.springframework.test.web.servlet.TestDispatcherServlet - FrameworkServlet '': initialization completed in 0 ms 
2019-08-20 10:31:47.685 [main] [AbstractTestContextBootstrapper.java:308] INFO  org.springframework.boot.test.context.SpringBootTestContextBootstrapper - Neither @ContextConfiguration nor @ContextHierarchy found for test class [com.example.springBoot.RedisTest], using SpringBootContextLoader 
2019-08-20 10:31:47.688 [main] [AbstractContextLoader.java:264] INFO  org.springframework.test.context.support.AbstractContextLoader - Could not detect default resource locations for test class [com.example.springBoot.RedisTest]: no resource found for suffixes {-context.xml, Context.groovy}. 
2019-08-20 10:31:47.690 [main] [AnnotationConfigContextLoaderUtils.java:83] INFO  org.springframework.test.context.support.AnnotationConfigContextLoaderUtils - Could not detect default configuration classes for test class [com.example.springBoot.RedisTest]: RedisTest does not declare any static, non-private, non-final, nested classes annotated with @Configuration. 
2019-08-20 14:55:01.592 [main] [StartupInfoLogger.java:50] INFO  com.xuyang.blog.Application - Starting Application on MS-20170409HFPN with PID 4940 (D:\WorkSpaces\myitspace\target\classes started by Administrator in D:\WorkSpaces\myitspace) 
2019-08-20 14:55:01.632 [main] [SpringApplication.java:654] INFO  com.xuyang.blog.Application - No active profile set, falling back to default profiles: default 
2019-08-20 14:55:01.744 [main] [AbstractApplicationContext.java:588] INFO  org.springframework.boot.web.servlet.context.AnnotationConfigServletWebServerApplicationContext - Refreshing org.springframework.boot.web.servlet.context.AnnotationConfigServletWebServerApplicationContext@3315d2d7: startup date [Tue Aug 20 14:55:01 GMT+08:00 2019]; root of context hierarchy 
2019-08-20 14:55:03.978 [main] [PostProcessorRegistrationDelegate.java:326] INFO  org.springframework.context.support.PostProcessorRegistrationDelegate$BeanPostProcessorChecker - Bean 'org.springframework.transaction.annotation.ProxyTransactionManagementConfiguration' of type [org.springframework.transaction.annotation.ProxyTransactionManagementConfiguration$$EnhancerBySpringCGLIB$$f112c2c7] is not eligible for getting processed by all BeanPostProcessors (for example: not eligible for auto-proxying) 
2019-08-20 14:55:05.192 [main] [TomcatWebServer.java:91] INFO  org.springframework.boot.web.embedded.tomcat.TomcatWebServer - Tomcat initialized with port(s): 8080 (http) 
2019-08-20 14:55:05.213 [main] [DirectJDKLog.java:180] INFO  org.apache.coyote.http11.Http11NioProtocol - Initializing ProtocolHandler ["http-nio-8080"] 
2019-08-20 14:55:05.239 [main] [DirectJDKLog.java:180] INFO  org.apache.catalina.core.StandardService - Starting service [Tomcat] 
2019-08-20 14:55:05.240 [main] [DirectJDKLog.java:180] INFO  org.apache.catalina.core.StandardEngine - Starting Servlet Engine: Apache Tomcat/8.5.34 
2019-08-20 14:55:05.257 [localhost-startStop-1] [DirectJDKLog.java:180] INFO  org.apache.catalina.core.AprLifecycleListener - The APR based Apache Tomcat Native library which allows optimal performance in production environments was not found on the java.library.path: [C:\Program Files\Java\jdk1.8.0_121\bin;C:\Windows\Sun\Java\bin;C:\Windows\system32;C:\Windows;C:/Program Files/Java/jre1.8.0_121/bin/server;C:/Program Files/Java/jre1.8.0_121/bin;C:/Program Files/Java/jre1.8.0_121/lib/amd64;D:\APP\python_anaconda3-5.1.0;D:\APP\python_anaconda3-5.1.0\Library\mingw-w64\bin;D:\APP\python_anaconda3-5.1.0\Library\usr\bin;D:\APP\python_anaconda3-5.1.0\Library\bin;D:\APP\python_anaconda3-5.1.0\Scripts;D:\APP\SecureCRT\;C:\ProgramData\Oracle\Java\javapath;C:\Windows\system32;C:\Windows;C:\Windows\System32\Wbem;C:\Windows\System32\WindowsPowerShell\v1.0\;C:\Program Files (x86)\Intel\OpenCL SDK\3.0\bin\x86;C:\Program Files (x86)\Intel\OpenCL SDK\3.0\bin\x64;D:\TortoiseSVN\bin;C:\Program Files\Java\jdk1.8.0_121\bin;C:\Program Files\Java\jdk1.8.0_121\jre\bin;D:\APP\UltraEdit;D:\APP\apache-maven-3.5.3\bin\;C:\Users\Administrator\AppData\Local\Programs\Python\Python36\Scripts\;C:\Users\Administrator\AppData\Local\Programs\Python\Python36\;D:\APP\vscode\Microsoft VS Code\bin;D:\软件\工作软件\eclipse3.0\eclipse;;.] 
2019-08-20 14:55:05.487 [localhost-startStop-1] [DirectJDKLog.java:180] INFO  org.apache.catalina.core.ContainerBase.[Tomcat].[localhost].[/] - Initializing Spring embedded WebApplicationContext 
2019-08-20 14:55:05.488 [localhost-startStop-1] [ServletWebServerApplicationContext.java:285] INFO  org.springframework.web.context.ContextLoader - Root WebApplicationContext: initialization completed in 3747 ms 
2019-08-20 14:55:05.609 [localhost-startStop-1] [ServletRegistrationBean.java:187] INFO  org.springframework.boot.web.servlet.ServletRegistrationBean - Servlet dispatcherServlet mapped to [/] 
2019-08-20 14:55:05.616 [localhost-startStop-1] [AbstractFilterRegistrationBean.java:245] INFO  org.springframework.boot.web.servlet.FilterRegistrationBean - Mapping filter: 'characterEncodingFilter' to: [/*] 
2019-08-20 14:55:05.616 [localhost-startStop-1] [AbstractFilterRegistrationBean.java:245] INFO  org.springframework.boot.web.servlet.FilterRegistrationBean - Mapping filter: 'hiddenHttpMethodFilter' to: [/*] 
2019-08-20 14:55:05.617 [localhost-startStop-1] [AbstractFilterRegistrationBean.java:245] INFO  org.springframework.boot.web.servlet.FilterRegistrationBean - Mapping filter: 'httpPutFormContentFilter' to: [/*] 
2019-08-20 14:55:05.617 [localhost-startStop-1] [AbstractFilterRegistrationBean.java:245] INFO  org.springframework.boot.web.servlet.FilterRegistrationBean - Mapping filter: 'requestContextFilter' to: [/*] 
2019-08-20 14:55:05.863 [main] [HikariDataSource.java:110] INFO  com.zaxxer.hikari.HikariDataSource - HikariPool-1 - Starting... 
2019-08-20 14:55:06.210 [main] [HikariDataSource.java:123] INFO  com.zaxxer.hikari.HikariDataSource - HikariPool-1 - Start completed. 
2019-08-20 14:55:06.297 [main] [LocalContainerEntityManagerFactoryBean.java:361] INFO  org.springframework.orm.jpa.LocalContainerEntityManagerFactoryBean - Building JPA container EntityManagerFactory for persistence unit 'default' 
2019-08-20 14:55:06.351 [main] [LogHelper.java:31] INFO  org.hibernate.jpa.internal.util.LogHelper - HHH000204: Processing PersistenceUnitInfo [
	name: default
	...] 
2019-08-20 14:55:06.560 [main] [Version.java:45] INFO  org.hibernate.Version - HHH000412: Hibernate Core {5.2.17.Final} 
2019-08-20 14:55:06.563 [main] [Environment.java:213] INFO  org.hibernate.cfg.Environment - HHH000206: hibernate.properties not found 
2019-08-20 14:55:06.633 [main] [JavaReflectionManager.java:66] INFO  org.hibernate.annotations.common.Version - HCANN000001: Hibernate Commons Annotations {5.0.1.Final} 
2019-08-20 14:55:07.030 [main] [Dialect.java:157] INFO  org.hibernate.dialect.Dialect - HHH000400: Using dialect: org.hibernate.dialect.MySQL5Dialect 
2019-08-20 14:55:07.828 [main] [AbstractEntityManagerFactoryBean.java:415] INFO  org.springframework.orm.jpa.LocalContainerEntityManagerFactoryBean - Initialized JPA EntityManagerFactory for persistence unit 'default' 
2019-08-20 14:55:08.922 [main] [AbstractUrlHandlerMapping.java:373] INFO  org.springframework.web.servlet.handler.SimpleUrlHandlerMapping - Mapped URL path [/**/favicon.ico] onto handler of type [class org.springframework.web.servlet.resource.ResourceHttpRequestHandler] 
2019-08-20 14:55:09.465 [main] [RequestMappingHandlerAdapter.java:588] INFO  org.springframework.web.servlet.mvc.method.annotation.RequestMappingHandlerAdapter - Looking for @ControllerAdvice: org.springframework.boot.web.servlet.context.AnnotationConfigServletWebServerApplicationContext@3315d2d7: startup date [Tue Aug 20 14:55:01 GMT+08:00 2019]; root of context hierarchy 
2019-08-20 14:55:09.548 [main] [JpaBaseConfiguration.java:237] WARN  org.springframework.boot.autoconfigure.orm.jpa.JpaBaseConfiguration$JpaWebConfiguration$JpaWebMvcConfiguration - spring.jpa.open-in-view is enabled by default. Therefore, database queries may be performed during view rendering. Explicitly configure spring.jpa.open-in-view to disable this warning 
2019-08-20 14:55:09.620 [main] [AbstractHandlerMethodMapping.java:549] INFO  org.springframework.web.servlet.mvc.method.annotation.RequestMappingHandlerMapping - Mapped "{[/blog/]}" onto public java.lang.String com.xuyang.blog.controller.BlogController.index() 
2019-08-20 14:55:09.622 [main] [AbstractHandlerMethodMapping.java:549] INFO  org.springframework.web.servlet.mvc.method.annotation.RequestMappingHandlerMapping - Mapped "{[/blog/add]}" onto public java.lang.String com.xuyang.blog.controller.BlogController.add(com.xuyang.blog.entity.Blog) 
2019-08-20 14:55:09.623 [main] [AbstractHandlerMethodMapping.java:549] INFO  org.springframework.web.servlet.mvc.method.annotation.RequestMappingHandlerMapping - Mapped "{[/blog/delete]}" onto public java.lang.String com.xuyang.blog.controller.BlogController.delete(java.lang.Long) 
2019-08-20 14:55:09.624 [main] [AbstractHandlerMethodMapping.java:549] INFO  org.springframework.web.servlet.mvc.method.annotation.RequestMappingHandlerMapping - Mapped "{[/blog/list]}" onto public java.lang.String com.xuyang.blog.controller.BlogController.list(org.springframework.ui.Model) 
2019-08-20 14:55:09.625 [main] [AbstractHandlerMethodMapping.java:549] INFO  org.springframework.web.servlet.mvc.method.annotation.RequestMappingHandlerMapping - Mapped "{[/blog/toAdd]}" onto public java.lang.String com.xuyang.blog.controller.BlogController.toAdd() 
2019-08-20 14:55:09.626 [main] [AbstractHandlerMethodMapping.java:549] INFO  org.springframework.web.servlet.mvc.method.annotation.RequestMappingHandlerMapping - Mapped "{[/blog/toEdit]}" onto public java.lang.String com.xuyang.blog.controller.BlogController.toEdit(org.springframework.ui.Model,java.lang.Long) 
2019-08-20 14:55:09.627 [main] [AbstractHandlerMethodMapping.java:549] INFO  org.springframework.web.servlet.mvc.method.annotation.RequestMappingHandlerMapping - Mapped "{[/blog/edit]}" onto public java.lang.String com.xuyang.blog.controller.BlogController.edit(com.xuyang.blog.entity.Blog) 
2019-08-20 14:55:09.641 [main] [AbstractHandlerMethodMapping.java:549] INFO  org.springframework.web.servlet.mvc.method.annotation.RequestMappingHandlerMapping - Mapped "{[/blog/testMD]}" onto public java.lang.String com.xuyang.blog.controller.BlogController.testMD() 
2019-08-20 14:55:09.642 [main] [AbstractHandlerMethodMapping.java:549] INFO  org.springframework.web.servlet.mvc.method.annotation.RequestMappingHandlerMapping - Mapped "{[/blog/testEditMD]}" onto public java.lang.String com.xuyang.blog.controller.BlogController.testEditMD() 
2019-08-20 14:55:09.642 [main] [AbstractHandlerMethodMapping.java:549] INFO  org.springframework.web.servlet.mvc.method.annotation.RequestMappingHandlerMapping - Mapped "{[/blog/testIndex]}" onto public java.lang.String com.xuyang.blog.controller.BlogController.testIndex() 
2019-08-20 14:55:09.645 [main] [AbstractHandlerMethodMapping.java:549] INFO  org.springframework.web.servlet.mvc.method.annotation.RequestMappingHandlerMapping - Mapped "{[/]}" onto public java.lang.String com.xuyang.blog.controller.MyController.index() 
2019-08-20 14:55:09.646 [main] [AbstractHandlerMethodMapping.java:549] INFO  org.springframework.web.servlet.mvc.method.annotation.RequestMappingHandlerMapping - Mapped "{[/add]}" onto public java.lang.String com.xuyang.blog.controller.MyController.add(com.xuyang.blog.entity.Blog) 
2019-08-20 14:55:09.647 [main] [AbstractHandlerMethodMapping.java:549] INFO  org.springframework.web.servlet.mvc.method.annotation.RequestMappingHandlerMapping - Mapped "{[/delete]}" onto public java.lang.String com.xuyang.blog.controller.MyController.delete(java.lang.Long) 
2019-08-20 14:55:09.647 [main] [AbstractHandlerMethodMapping.java:549] INFO  org.springframework.web.servlet.mvc.method.annotation.RequestMappingHandlerMapping - Mapped "{[/list]}" onto public java.lang.String com.xuyang.blog.controller.MyController.list(org.springframework.ui.Model) 
2019-08-20 14:55:09.648 [main] [AbstractHandlerMethodMapping.java:549] INFO  org.springframework.web.servlet.mvc.method.annotation.RequestMappingHandlerMapping - Mapped "{[/toAdd]}" onto public java.lang.String com.xuyang.blog.controller.MyController.toAdd() 
2019-08-20 14:55:09.649 [main] [AbstractHandlerMethodMapping.java:549] INFO  org.springframework.web.servlet.mvc.method.annotation.RequestMappingHandlerMapping - Mapped "{[/toEdit]}" onto public java.lang.String com.xuyang.blog.controller.MyController.toEdit(org.springframework.ui.Model,java.lang.Long) 
2019-08-20 14:55:09.649 [main] [AbstractHandlerMethodMapping.java:549] INFO  org.springframework.web.servlet.mvc.method.annotation.RequestMappingHandlerMapping - Mapped "{[/edit]}" onto public java.lang.String com.xuyang.blog.controller.MyController.edit(com.xuyang.blog.entity.Blog) 
2019-08-20 14:55:09.650 [main] [AbstractHandlerMethodMapping.java:549] INFO  org.springframework.web.servlet.mvc.method.annotation.RequestMappingHandlerMapping - Mapped "{[/testMD]}" onto public java.lang.String com.xuyang.blog.controller.MyController.testMD() 
2019-08-20 14:55:09.650 [main] [AbstractHandlerMethodMapping.java:549] INFO  org.springframework.web.servlet.mvc.method.annotation.RequestMappingHandlerMapping - Mapped "{[/testEditMD]}" onto public java.lang.String com.xuyang.blog.controller.MyController.testEditMD() 
2019-08-20 14:55:09.651 [main] [AbstractHandlerMethodMapping.java:549] INFO  org.springframework.web.servlet.mvc.method.annotation.RequestMappingHandlerMapping - Mapped "{[/testIndex]}" onto public java.lang.String com.xuyang.blog.controller.MyController.testIndex() 
2019-08-20 14:55:09.652 [main] [AbstractHandlerMethodMapping.java:549] INFO  org.springframework.web.servlet.mvc.method.annotation.RequestMappingHandlerMapping - Mapped "{[/hello]}" onto public java.lang.String com.xuyang.blog.controller.RestfullAPIController.index() 
2019-08-20 14:55:09.661 [main] [AbstractHandlerMethodMapping.java:549] INFO  org.springframework.web.servlet.mvc.method.annotation.RequestMappingHandlerMapping - Mapped "{[/getUser]}" onto public com.xuyang.blog.entity.User com.xuyang.blog.controller.RestfullAPIController.getUser() 
2019-08-20 14:55:09.662 [main] [AbstractHandlerMethodMapping.java:549] INFO  org.springframework.web.servlet.mvc.method.annotation.RequestMappingHandlerMapping - Mapped "{[/testDB]}" onto public java.util.List<com.xuyang.blog.entity.User> com.xuyang.blog.controller.RestfullAPIController.testDB() 
2019-08-20 14:55:09.662 [main] [AbstractHandlerMethodMapping.java:549] INFO  org.springframework.web.servlet.mvc.method.annotation.RequestMappingHandlerMapping - Mapped "{[/uid]}" onto java.lang.String com.xuyang.blog.controller.RestfullAPIController.uid(javax.servlet.http.HttpSession) 
2019-08-20 14:55:09.668 [main] [AbstractHandlerMethodMapping.java:549] INFO  org.springframework.web.servlet.mvc.method.annotation.RequestMappingHandlerMapping - Mapped "{[/user/]}" onto public java.lang.String com.xuyang.blog.controller.UserController.index() 
2019-08-20 14:55:09.669 [main] [AbstractHandlerMethodMapping.java:549] INFO  org.springframework.web.servlet.mvc.method.annotation.RequestMappingHandlerMapping - Mapped "{[/user/add]}" onto public java.lang.String com.xuyang.blog.controller.UserController.add(com.xuyang.blog.entity.User) 
2019-08-20 14:55:09.670 [main] [AbstractHandlerMethodMapping.java:549] INFO  org.springframework.web.servlet.mvc.method.annotation.RequestMappingHandlerMapping - Mapped "{[/user/delete]}" onto public java.lang.String com.xuyang.blog.controller.UserController.delete(java.lang.Long) 
2019-08-20 14:55:09.670 [main] [AbstractHandlerMethodMapping.java:549] INFO  org.springframework.web.servlet.mvc.method.annotation.RequestMappingHandlerMapping - Mapped "{[/user/list]}" onto public java.lang.String com.xuyang.blog.controller.UserController.list(org.springframework.ui.Model) 
2019-08-20 14:55:09.671 [main] [AbstractHandlerMethodMapping.java:549] INFO  org.springframework.web.servlet.mvc.method.annotation.RequestMappingHandlerMapping - Mapped "{[/user/toAdd]}" onto public java.lang.String com.xuyang.blog.controller.UserController.toAdd() 
2019-08-20 14:55:09.672 [main] [AbstractHandlerMethodMapping.java:549] INFO  org.springframework.web.servlet.mvc.method.annotation.RequestMappingHandlerMapping - Mapped "{[/user/toEdit]}" onto public java.lang.String com.xuyang.blog.controller.UserController.toEdit(org.springframework.ui.Model,java.lang.Long) 
2019-08-20 14:55:09.672 [main] [AbstractHandlerMethodMapping.java:549] INFO  org.springframework.web.servlet.mvc.method.annotation.RequestMappingHandlerMapping - Mapped "{[/user/edit]}" onto public java.lang.String com.xuyang.blog.controller.UserController.edit(com.xuyang.blog.entity.User) 
2019-08-20 14:55:09.678 [main] [AbstractHandlerMethodMapping.java:549] INFO  org.springframework.web.servlet.mvc.method.annotation.RequestMappingHandlerMapping - Mapped "{[/error]}" onto public org.springframework.http.ResponseEntity<java.util.Map<java.lang.String, java.lang.Object>> org.springframework.boot.autoconfigure.web.servlet.error.BasicErrorController.error(javax.servlet.http.HttpServletRequest) 
2019-08-20 14:55:09.680 [main] [AbstractHandlerMethodMapping.java:549] INFO  org.springframework.web.servlet.mvc.method.annotation.RequestMappingHandlerMapping - Mapped "{[/error],produces=[text/html]}" onto public org.springframework.web.servlet.ModelAndView org.springframework.boot.autoconfigure.web.servlet.error.BasicErrorController.errorHtml(javax.servlet.http.HttpServletRequest,javax.servlet.http.HttpServletResponse) 
2019-08-20 14:55:09.753 [main] [AbstractUrlHandlerMapping.java:373] INFO  org.springframework.web.servlet.handler.SimpleUrlHandlerMapping - Mapped URL path [/webjars/**] onto handler of type [class org.springframework.web.servlet.resource.ResourceHttpRequestHandler] 
2019-08-20 14:55:09.754 [main] [AbstractUrlHandlerMapping.java:373] INFO  org.springframework.web.servlet.handler.SimpleUrlHandlerMapping - Mapped URL path [/**] onto handler of type [class org.springframework.web.servlet.resource.ResourceHttpRequestHandler] 
2019-08-20 14:55:10.000 [main] [WelcomePageHandlerMapping.java:61] INFO  org.springframework.boot.autoconfigure.web.servlet.WelcomePageHandlerMapping - Adding welcome page template: index 
2019-08-20 14:55:10.373 [main] [MBeanExporter.java:433] INFO  org.springframework.jmx.export.annotation.AnnotationMBeanExporter - Registering beans for JMX exposure on startup 
2019-08-20 14:55:10.376 [main] [MBeanExporter.java:895] INFO  org.springframework.jmx.export.annotation.AnnotationMBeanExporter - Bean with name 'dataSource' has been autodetected for JMX exposure 
2019-08-20 14:55:10.386 [main] [MBeanExporter.java:668] INFO  org.springframework.jmx.export.annotation.AnnotationMBeanExporter - Located MBean 'dataSource': registering with JMX server as MBean [com.zaxxer.hikari:name=dataSource,type=HikariDataSource] 
2019-08-20 14:55:10.414 [main] [DirectJDKLog.java:180] INFO  org.apache.coyote.http11.Http11NioProtocol - Starting ProtocolHandler ["http-nio-8080"] 
2019-08-20 14:55:10.436 [main] [DirectJDKLog.java:180] INFO  org.apache.tomcat.util.net.NioSelectorPool - Using a shared selector for servlet write/read 
2019-08-20 14:55:10.502 [main] [TomcatWebServer.java:206] INFO  org.springframework.boot.web.embedded.tomcat.TomcatWebServer - Tomcat started on port(s): 8080 (http) with context path '' 
2019-08-20 14:55:10.508 [main] [StartupInfoLogger.java:59] INFO  com.xuyang.blog.Application - Started Application in 9.414 seconds (JVM running for 10.562) 
2019-08-20 14:55:26.971 [http-nio-8080-exec-3] [DirectJDKLog.java:180] INFO  org.apache.catalina.core.ContainerBase.[Tomcat].[localhost].[/] - Initializing Spring FrameworkServlet 'dispatcherServlet' 
2019-08-20 14:55:26.972 [http-nio-8080-exec-3] [FrameworkServlet.java:494] INFO  org.springframework.web.servlet.DispatcherServlet - FrameworkServlet 'dispatcherServlet': initialization started 
2019-08-20 14:55:27.012 [http-nio-8080-exec-3] [FrameworkServlet.java:509] INFO  org.springframework.web.servlet.DispatcherServlet - FrameworkServlet 'dispatcherServlet': initialization completed in 40 ms 
