2019-08-13 15:43:29.607 [main] [StartupInfoLogger.java:50] INFO  com.xuyang.blog.Application - Starting Application on MS-20170409HFPN with PID 5636 (D:\WorkSpaces\myitspace\target\classes started by Administrator in D:\WorkSpaces\myitspace) 
2019-08-13 15:43:29.617 [main] [SpringApplication.java:654] INFO  com.xuyang.blog.Application - No active profile set, falling back to default profiles: default 
2019-08-13 15:43:29.744 [main] [AbstractApplicationContext.java:588] INFO  org.springframework.boot.web.servlet.context.AnnotationConfigServletWebServerApplicationContext - Refreshing org.springframework.boot.web.servlet.context.AnnotationConfigServletWebServerApplicationContext@51f116b8: startup date [Tue Aug 13 15:43:29 GMT+08:00 2019]; root of context hierarchy 
2019-08-13 15:43:31.074 [main] [RepositoryConfigurationDelegate.java:172] INFO  org.springframework.data.repository.config.RepositoryConfigurationDelegate - Multiple Spring Data modules found, entering strict repository configuration mode! 
2019-08-13 15:43:31.350 [main] [RepositoryConfigurationDelegate.java:172] INFO  org.springframework.data.repository.config.RepositoryConfigurationDelegate - Multiple Spring Data modules found, entering strict repository configuration mode! 
2019-08-13 15:43:31.383 [main] [RepositoryConfigurationExtensionSupport.java:291] INFO  org.springframework.data.repository.config.RepositoryConfigurationExtensionSupport - Spring Data Redis - Could not safely identify store assignment for repository candidate interface com.xuyang.blog.repository.BlogRepository. 
2019-08-13 15:43:31.384 [main] [RepositoryConfigurationExtensionSupport.java:291] INFO  org.springframework.data.repository.config.RepositoryConfigurationExtensionSupport - Spring Data Redis - Could not safely identify store assignment for repository candidate interface com.xuyang.blog.repository.UserRepository. 
2019-08-13 15:43:32.222 [main] [PostProcessorRegistrationDelegate.java:326] INFO  org.springframework.context.support.PostProcessorRegistrationDelegate$BeanPostProcessorChecker - Bean 'org.springframework.transaction.annotation.ProxyTransactionManagementConfiguration' of type [org.springframework.transaction.annotation.ProxyTransactionManagementConfiguration$$EnhancerBySpringCGLIB$$8d62b4c9] is not eligible for getting processed by all BeanPostProcessors (for example: not eligible for auto-proxying) 
2019-08-13 15:43:32.294 [main] [PostProcessorRegistrationDelegate.java:326] INFO  org.springframework.context.support.PostProcessorRegistrationDelegate$BeanPostProcessorChecker - Bean 'redisConfig' of type [com.xuyang.blog.config.RedisConfig$$EnhancerBySpringCGLIB$$71d4f668] is not eligible for getting processed by all BeanPostProcessors (for example: not eligible for auto-proxying) 
2019-08-13 15:43:32.316 [main] [PostProcessorRegistrationDelegate.java:326] INFO  org.springframework.context.support.PostProcessorRegistrationDelegate$BeanPostProcessorChecker - Bean 'keyGenerator' of type [com.xuyang.blog.config.RedisConfig$1] is not eligible for getting processed by all BeanPostProcessors (for example: not eligible for auto-proxying) 
2019-08-13 15:43:33.407 [main] [TomcatWebServer.java:91] INFO  org.springframework.boot.web.embedded.tomcat.TomcatWebServer - Tomcat initialized with port(s): 8080 (http) 
2019-08-13 15:43:33.429 [main] [DirectJDKLog.java:180] INFO  org.apache.coyote.http11.Http11NioProtocol - Initializing ProtocolHandler ["http-nio-8080"] 
2019-08-13 15:43:33.449 [main] [DirectJDKLog.java:180] INFO  org.apache.catalina.core.StandardService - Starting service [Tomcat] 
2019-08-13 15:43:33.450 [main] [DirectJDKLog.java:180] INFO  org.apache.catalina.core.StandardEngine - Starting Servlet Engine: Apache Tomcat/8.5.34 
2019-08-13 15:43:33.467 [localhost-startStop-1] [DirectJDKLog.java:180] INFO  org.apache.catalina.core.AprLifecycleListener - The APR based Apache Tomcat Native library which allows optimal performance in production environments was not found on the java.library.path: [C:\Program Files\Java\jre1.8.0_121\bin;C:\Windows\Sun\Java\bin;C:\Windows\system32;C:\Windows;C:/Program Files/Java/jre1.8.0_121/bin/server;C:/Program Files/Java/jre1.8.0_121/bin;C:/Program Files/Java/jre1.8.0_121/lib/amd64;D:\APP\python_anaconda3-5.1.0;D:\APP\python_anaconda3-5.1.0\Library\mingw-w64\bin;D:\APP\python_anaconda3-5.1.0\Library\usr\bin;D:\APP\python_anaconda3-5.1.0\Library\bin;D:\APP\python_anaconda3-5.1.0\Scripts;D:\APP\SecureCRT\;C:\ProgramData\Oracle\Java\javapath;C:\Windows\system32;C:\Windows;C:\Windows\System32\Wbem;C:\Windows\System32\WindowsPowerShell\v1.0\;C:\Program Files (x86)\Intel\OpenCL SDK\3.0\bin\x86;C:\Program Files (x86)\Intel\OpenCL SDK\3.0\bin\x64;D:\TortoiseSVN\bin;C:\Program Files\Java\jdk1.8.0_121\bin;C:\Program Files\Java\jdk1.8.0_121\jre\bin;D:\APP\UltraEdit;D:\APP\apache-maven-3.5.3\bin\;C:\Users\Administrator\AppData\Local\Programs\Python\Python36\Scripts\;C:\Users\Administrator\AppData\Local\Programs\Python\Python36\;D:\APP\vscode\Microsoft VS Code\bin;D:\软件\工作软件\eclipse3.0\eclipse;;.] 
2019-08-13 15:43:33.687 [localhost-startStop-1] [DirectJDKLog.java:180] INFO  org.apache.catalina.core.ContainerBase.[Tomcat].[localhost].[/] - Initializing Spring embedded WebApplicationContext 
2019-08-13 15:43:33.688 [localhost-startStop-1] [ServletWebServerApplicationContext.java:285] INFO  org.springframework.web.context.ContextLoader - Root WebApplicationContext: initialization completed in 3950 ms 
2019-08-13 15:43:34.508 [localhost-startStop-1] [AbstractFilterRegistrationBean.java:245] INFO  org.springframework.boot.web.servlet.FilterRegistrationBean - Mapping filter: 'characterEncodingFilter' to: [/*] 
2019-08-13 15:43:34.509 [localhost-startStop-1] [AbstractFilterRegistrationBean.java:245] INFO  org.springframework.boot.web.servlet.FilterRegistrationBean - Mapping filter: 'sessionRepositoryFilter' to: [/*] 
2019-08-13 15:43:34.509 [localhost-startStop-1] [AbstractFilterRegistrationBean.java:245] INFO  org.springframework.boot.web.servlet.FilterRegistrationBean - Mapping filter: 'hiddenHttpMethodFilter' to: [/*] 
2019-08-13 15:43:34.510 [localhost-startStop-1] [AbstractFilterRegistrationBean.java:245] INFO  org.springframework.boot.web.servlet.FilterRegistrationBean - Mapping filter: 'httpPutFormContentFilter' to: [/*] 
2019-08-13 15:43:34.510 [localhost-startStop-1] [AbstractFilterRegistrationBean.java:245] INFO  org.springframework.boot.web.servlet.FilterRegistrationBean - Mapping filter: 'requestContextFilter' to: [/*] 
2019-08-13 15:43:34.511 [localhost-startStop-1] [ServletRegistrationBean.java:187] INFO  org.springframework.boot.web.servlet.ServletRegistrationBean - Servlet dispatcherServlet mapped to [/] 
2019-08-13 15:43:34.773 [main] [HikariDataSource.java:110] INFO  com.zaxxer.hikari.HikariDataSource - HikariPool-1 - Starting... 
2019-08-13 15:43:35.134 [main] [HikariDataSource.java:123] INFO  com.zaxxer.hikari.HikariDataSource - HikariPool-1 - Start completed. 
2019-08-13 15:43:35.214 [main] [LocalContainerEntityManagerFactoryBean.java:361] INFO  org.springframework.orm.jpa.LocalContainerEntityManagerFactoryBean - Building JPA container EntityManagerFactory for persistence unit 'default' 
2019-08-13 15:43:35.241 [main] [LogHelper.java:31] INFO  org.hibernate.jpa.internal.util.LogHelper - HHH000204: Processing PersistenceUnitInfo [
	name: default
	...] 
2019-08-13 15:43:35.406 [main] [Version.java:45] INFO  org.hibernate.Version - HHH000412: Hibernate Core {5.2.17.Final} 
2019-08-13 15:43:35.409 [main] [Environment.java:213] INFO  org.hibernate.cfg.Environment - HHH000206: hibernate.properties not found 
2019-08-13 15:43:35.485 [main] [JavaReflectionManager.java:66] INFO  org.hibernate.annotations.common.Version - HCANN000001: Hibernate Commons Annotations {5.0.1.Final} 
2019-08-13 15:43:35.829 [main] [Dialect.java:157] INFO  org.hibernate.dialect.Dialect - HHH000400: Using dialect: org.hibernate.dialect.MySQL5Dialect 
2019-08-13 15:43:36.584 [main] [AbstractEntityManagerFactoryBean.java:415] INFO  org.springframework.orm.jpa.LocalContainerEntityManagerFactoryBean - Initialized JPA EntityManagerFactory for persistence unit 'default' 
2019-08-13 15:43:37.852 [main] [Slf4JLogger.java:101] INFO  io.lettuce.core.EpollProvider - Starting without optional epoll library 
2019-08-13 15:43:37.855 [main] [Slf4JLogger.java:101] INFO  io.lettuce.core.KqueueProvider - Starting without optional kqueue library 
2019-08-13 15:43:38.562 [main] [AbstractUrlHandlerMapping.java:373] INFO  org.springframework.web.servlet.handler.SimpleUrlHandlerMapping - Mapped URL path [/**/favicon.ico] onto handler of type [class org.springframework.web.servlet.resource.ResourceHttpRequestHandler] 
2019-08-13 15:43:38.996 [main] [RequestMappingHandlerAdapter.java:588] INFO  org.springframework.web.servlet.mvc.method.annotation.RequestMappingHandlerAdapter - Looking for @ControllerAdvice: org.springframework.boot.web.servlet.context.AnnotationConfigServletWebServerApplicationContext@51f116b8: startup date [Tue Aug 13 15:43:29 GMT+08:00 2019]; root of context hierarchy 
2019-08-13 15:43:39.070 [main] [JpaBaseConfiguration.java:237] WARN  org.springframework.boot.autoconfigure.orm.jpa.JpaBaseConfiguration$JpaWebConfiguration$JpaWebMvcConfiguration - spring.jpa.open-in-view is enabled by default. Therefore, database queries may be performed during view rendering. Explicitly configure spring.jpa.open-in-view to disable this warning 
2019-08-13 15:43:39.116 [main] [AbstractHandlerMethodMapping.java:549] INFO  org.springframework.web.servlet.mvc.method.annotation.RequestMappingHandlerMapping - Mapped "{[/hello]}" onto public java.lang.String com.xuyang.blog.controller.RestFullAPIController.index() 
2019-08-13 15:43:39.118 [main] [AbstractHandlerMethodMapping.java:549] INFO  org.springframework.web.servlet.mvc.method.annotation.RequestMappingHandlerMapping - Mapped "{[/uid]}" onto java.lang.String com.xuyang.blog.controller.RestFullAPIController.uid(javax.servlet.http.HttpSession) 
2019-08-13 15:43:39.119 [main] [AbstractHandlerMethodMapping.java:549] INFO  org.springframework.web.servlet.mvc.method.annotation.RequestMappingHandlerMapping - Mapped "{[/getUser]}" onto public com.xuyang.blog.entity.User com.xuyang.blog.controller.RestFullAPIController.getUser() 
2019-08-13 15:43:39.119 [main] [AbstractHandlerMethodMapping.java:549] INFO  org.springframework.web.servlet.mvc.method.annotation.RequestMappingHandlerMapping - Mapped "{[/testDB]}" onto public java.util.List<com.xuyang.blog.entity.User> com.xuyang.blog.controller.RestFullAPIController.testDB() 
2019-08-13 15:43:39.128 [main] [AbstractHandlerMethodMapping.java:549] INFO  org.springframework.web.servlet.mvc.method.annotation.RequestMappingHandlerMapping - Mapped "{[/user/]}" onto public java.lang.String com.xuyang.blog.controller.UserController.index() 
2019-08-13 15:43:39.129 [main] [AbstractHandlerMethodMapping.java:549] INFO  org.springframework.web.servlet.mvc.method.annotation.RequestMappingHandlerMapping - Mapped "{[/user/add]}" onto public java.lang.String com.xuyang.blog.controller.UserController.add(com.xuyang.blog.entity.User) 
2019-08-13 15:43:39.129 [main] [AbstractHandlerMethodMapping.java:549] INFO  org.springframework.web.servlet.mvc.method.annotation.RequestMappingHandlerMapping - Mapped "{[/user/delete]}" onto public java.lang.String com.xuyang.blog.controller.UserController.delete(java.lang.Long) 
2019-08-13 15:43:39.130 [main] [AbstractHandlerMethodMapping.java:549] INFO  org.springframework.web.servlet.mvc.method.annotation.RequestMappingHandlerMapping - Mapped "{[/user/list]}" onto public java.lang.String com.xuyang.blog.controller.UserController.list(org.springframework.ui.Model) 
2019-08-13 15:43:39.130 [main] [AbstractHandlerMethodMapping.java:549] INFO  org.springframework.web.servlet.mvc.method.annotation.RequestMappingHandlerMapping - Mapped "{[/user/toEdit]}" onto public java.lang.String com.xuyang.blog.controller.UserController.toEdit(org.springframework.ui.Model,java.lang.Long) 
2019-08-13 15:43:39.131 [main] [AbstractHandlerMethodMapping.java:549] INFO  org.springframework.web.servlet.mvc.method.annotation.RequestMappingHandlerMapping - Mapped "{[/user/edit]}" onto public java.lang.String com.xuyang.blog.controller.UserController.edit(com.xuyang.blog.entity.User) 
2019-08-13 15:43:39.132 [main] [AbstractHandlerMethodMapping.java:549] INFO  org.springframework.web.servlet.mvc.method.annotation.RequestMappingHandlerMapping - Mapped "{[/user/testMD]}" onto public java.lang.String com.xuyang.blog.controller.UserController.testMD() 
2019-08-13 15:43:39.132 [main] [AbstractHandlerMethodMapping.java:549] INFO  org.springframework.web.servlet.mvc.method.annotation.RequestMappingHandlerMapping - Mapped "{[/user/testEditMD]}" onto public java.lang.String com.xuyang.blog.controller.UserController.testEditMD() 
2019-08-13 15:43:39.134 [main] [AbstractHandlerMethodMapping.java:549] INFO  org.springframework.web.servlet.mvc.method.annotation.RequestMappingHandlerMapping - Mapped "{[/user/testIndex]}" onto public java.lang.String com.xuyang.blog.controller.UserController.testIndex() 
2019-08-13 15:43:39.134 [main] [AbstractHandlerMethodMapping.java:549] INFO  org.springframework.web.servlet.mvc.method.annotation.RequestMappingHandlerMapping - Mapped "{[/user/submitMD]}" onto public void com.xuyang.blog.controller.UserController.submitMD(com.xuyang.blog.entity.Blog) 
2019-08-13 15:43:39.137 [main] [AbstractHandlerMethodMapping.java:549] INFO  org.springframework.web.servlet.mvc.method.annotation.RequestMappingHandlerMapping - Mapped "{[/user/toAdd]}" onto public java.lang.String com.xuyang.blog.controller.UserController.toAdd() 
2019-08-13 15:43:39.143 [main] [AbstractHandlerMethodMapping.java:549] INFO  org.springframework.web.servlet.mvc.method.annotation.RequestMappingHandlerMapping - Mapped "{[/error]}" onto public org.springframework.http.ResponseEntity<java.util.Map<java.lang.String, java.lang.Object>> org.springframework.boot.autoconfigure.web.servlet.error.BasicErrorController.error(javax.servlet.http.HttpServletRequest) 
2019-08-13 15:43:39.145 [main] [AbstractHandlerMethodMapping.java:549] INFO  org.springframework.web.servlet.mvc.method.annotation.RequestMappingHandlerMapping - Mapped "{[/error],produces=[text/html]}" onto public org.springframework.web.servlet.ModelAndView org.springframework.boot.autoconfigure.web.servlet.error.BasicErrorController.errorHtml(javax.servlet.http.HttpServletRequest,javax.servlet.http.HttpServletResponse) 
2019-08-13 15:43:39.187 [main] [AbstractUrlHandlerMapping.java:373] INFO  org.springframework.web.servlet.handler.SimpleUrlHandlerMapping - Mapped URL path [/webjars/**] onto handler of type [class org.springframework.web.servlet.resource.ResourceHttpRequestHandler] 
2019-08-13 15:43:39.188 [main] [AbstractUrlHandlerMapping.java:373] INFO  org.springframework.web.servlet.handler.SimpleUrlHandlerMapping - Mapped URL path [/**] onto handler of type [class org.springframework.web.servlet.resource.ResourceHttpRequestHandler] 
2019-08-13 15:43:39.357 [main] [WelcomePageHandlerMapping.java:61] INFO  org.springframework.boot.autoconfigure.web.servlet.WelcomePageHandlerMapping - Adding welcome page template: index 
2019-08-13 15:43:39.932 [main] [MBeanExporter.java:433] INFO  org.springframework.jmx.export.annotation.AnnotationMBeanExporter - Registering beans for JMX exposure on startup 
2019-08-13 15:43:39.935 [main] [MBeanExporter.java:895] INFO  org.springframework.jmx.export.annotation.AnnotationMBeanExporter - Bean with name 'dataSource' has been autodetected for JMX exposure 
2019-08-13 15:43:39.943 [main] [MBeanExporter.java:668] INFO  org.springframework.jmx.export.annotation.AnnotationMBeanExporter - Located MBean 'dataSource': registering with JMX server as MBean [com.zaxxer.hikari:name=dataSource,type=HikariDataSource] 
2019-08-13 15:43:39.950 [main] [DefaultLifecycleProcessor.java:356] INFO  org.springframework.context.support.DefaultLifecycleProcessor - Starting beans in phase 2147483647 
2019-08-13 15:43:40.535 [main] [ScheduledAnnotationBeanPostProcessor.java:276] INFO  org.springframework.scheduling.annotation.ScheduledAnnotationBeanPostProcessor - No TaskScheduler/ScheduledExecutorService bean found for scheduled processing 
2019-08-13 15:43:40.546 [main] [DirectJDKLog.java:180] INFO  org.apache.coyote.http11.Http11NioProtocol - Starting ProtocolHandler ["http-nio-8080"] 
2019-08-13 15:43:40.548 [main] [DirectJDKLog.java:180] INFO  org.apache.tomcat.util.net.NioSelectorPool - Using a shared selector for servlet write/read 
2019-08-13 15:43:40.565 [main] [TomcatWebServer.java:206] INFO  org.springframework.boot.web.embedded.tomcat.TomcatWebServer - Tomcat started on port(s): 8080 (http) with context path '' 
2019-08-13 15:43:40.569 [main] [StartupInfoLogger.java:59] INFO  com.xuyang.blog.Application - Started Application in 11.569 seconds (JVM running for 12.935) 
2019-08-13 15:54:22.816 [http-nio-8080-exec-1] [DirectJDKLog.java:180] INFO  org.apache.catalina.core.ContainerBase.[Tomcat].[localhost].[/] - Initializing Spring FrameworkServlet 'dispatcherServlet' 
2019-08-13 15:54:22.817 [http-nio-8080-exec-1] [FrameworkServlet.java:494] INFO  org.springframework.web.servlet.DispatcherServlet - FrameworkServlet 'dispatcherServlet': initialization started 
2019-08-13 15:54:22.853 [http-nio-8080-exec-1] [FrameworkServlet.java:509] INFO  org.springframework.web.servlet.DispatcherServlet - FrameworkServlet 'dispatcherServlet': initialization completed in 36 ms 
2019-08-13 16:22:58.326 [http-nio-8080-exec-1] [QueryTranslatorFactoryInitiator.java:47] INFO  org.hibernate.hql.internal.QueryTranslatorFactoryInitiator - HHH000397: Using ASTQueryTranslatorFactory 
2019-08-13 16:23:17.066 [http-nio-8080-exec-3] [RestFullAPIController.java:40] INFO  com.xuyang.blog.controller.RestFullAPIController - /getUser 
