2019-08-19 11:41:43.118 [main] [StartupInfoLogger.java:50] INFO  com.xuyang.blog.Application - Starting Application on MS-20170409HFPN with PID 6240 (D:\WorkSpaces\myitspace\target\classes started by Administrator in D:\WorkSpaces\myitspace) 
2019-08-19 11:41:43.145 [main] [SpringApplication.java:654] INFO  com.xuyang.blog.Application - No active profile set, falling back to default profiles: default 
2019-08-19 11:41:43.274 [main] [AbstractApplicationContext.java:588] INFO  org.springframework.boot.web.servlet.context.AnnotationConfigServletWebServerApplicationContext - Refreshing org.springframework.boot.web.servlet.context.AnnotationConfigServletWebServerApplicationContext@19d481b: startup date [Mon Aug 19 11:41:43 GMT+08:00 2019]; root of context hierarchy 
2019-08-19 11:41:44.629 [main] [RepositoryConfigurationDelegate.java:172] INFO  org.springframework.data.repository.config.RepositoryConfigurationDelegate - Multiple Spring Data modules found, entering strict repository configuration mode! 
2019-08-19 11:41:44.928 [main] [RepositoryConfigurationDelegate.java:172] INFO  org.springframework.data.repository.config.RepositoryConfigurationDelegate - Multiple Spring Data modules found, entering strict repository configuration mode! 
2019-08-19 11:41:44.960 [main] [RepositoryConfigurationExtensionSupport.java:291] INFO  org.springframework.data.repository.config.RepositoryConfigurationExtensionSupport - Spring Data Redis - Could not safely identify store assignment for repository candidate interface com.xuyang.blog.repository.BlogRepository. 
2019-08-19 11:41:44.962 [main] [RepositoryConfigurationExtensionSupport.java:291] INFO  org.springframework.data.repository.config.RepositoryConfigurationExtensionSupport - Spring Data Redis - Could not safely identify store assignment for repository candidate interface com.xuyang.blog.repository.UserRepository. 
2019-08-19 11:41:46.173 [main] [PostProcessorRegistrationDelegate.java:326] INFO  org.springframework.context.support.PostProcessorRegistrationDelegate$BeanPostProcessorChecker - Bean 'org.springframework.transaction.annotation.ProxyTransactionManagementConfiguration' of type [org.springframework.transaction.annotation.ProxyTransactionManagementConfiguration$$EnhancerBySpringCGLIB$$5470dfad] is not eligible for getting processed by all BeanPostProcessors (for example: not eligible for auto-proxying) 
2019-08-19 11:41:46.259 [main] [PostProcessorRegistrationDelegate.java:326] INFO  org.springframework.context.support.PostProcessorRegistrationDelegate$BeanPostProcessorChecker - Bean 'redisConfig' of type [com.xuyang.blog.config.RedisConfig$$EnhancerBySpringCGLIB$$38e3214c] is not eligible for getting processed by all BeanPostProcessors (for example: not eligible for auto-proxying) 
2019-08-19 11:41:46.279 [main] [PostProcessorRegistrationDelegate.java:326] INFO  org.springframework.context.support.PostProcessorRegistrationDelegate$BeanPostProcessorChecker - Bean 'keyGenerator' of type [com.xuyang.blog.config.RedisConfig$1] is not eligible for getting processed by all BeanPostProcessors (for example: not eligible for auto-proxying) 
2019-08-19 11:41:47.506 [main] [TomcatWebServer.java:91] INFO  org.springframework.boot.web.embedded.tomcat.TomcatWebServer - Tomcat initialized with port(s): 8080 (http) 
2019-08-19 11:41:47.532 [main] [DirectJDKLog.java:180] INFO  org.apache.coyote.http11.Http11NioProtocol - Initializing ProtocolHandler ["http-nio-8080"] 
2019-08-19 11:41:47.554 [main] [DirectJDKLog.java:180] INFO  org.apache.catalina.core.StandardService - Starting service [Tomcat] 
2019-08-19 11:41:47.555 [main] [DirectJDKLog.java:180] INFO  org.apache.catalina.core.StandardEngine - Starting Servlet Engine: Apache Tomcat/8.5.34 
2019-08-19 11:41:47.571 [localhost-startStop-1] [DirectJDKLog.java:180] INFO  org.apache.catalina.core.AprLifecycleListener - The APR based Apache Tomcat Native library which allows optimal performance in production environments was not found on the java.library.path: [C:\Program Files\Java\jre1.8.0_121\bin;C:\Windows\Sun\Java\bin;C:\Windows\system32;C:\Windows;C:/Program Files/Java/jre1.8.0_121/bin/server;C:/Program Files/Java/jre1.8.0_121/bin;C:/Program Files/Java/jre1.8.0_121/lib/amd64;D:\APP\python_anaconda3-5.1.0;D:\APP\python_anaconda3-5.1.0\Library\mingw-w64\bin;D:\APP\python_anaconda3-5.1.0\Library\usr\bin;D:\APP\python_anaconda3-5.1.0\Library\bin;D:\APP\python_anaconda3-5.1.0\Scripts;D:\APP\SecureCRT\;C:\ProgramData\Oracle\Java\javapath;C:\Windows\system32;C:\Windows;C:\Windows\System32\Wbem;C:\Windows\System32\WindowsPowerShell\v1.0\;C:\Program Files (x86)\Intel\OpenCL SDK\3.0\bin\x86;C:\Program Files (x86)\Intel\OpenCL SDK\3.0\bin\x64;D:\TortoiseSVN\bin;C:\Program Files\Java\jdk1.8.0_121\bin;C:\Program Files\Java\jdk1.8.0_121\jre\bin;D:\APP\UltraEdit;D:\APP\apache-maven-3.5.3\bin\;C:\Users\Administrator\AppData\Local\Programs\Python\Python36\Scripts\;C:\Users\Administrator\AppData\Local\Programs\Python\Python36\;D:\APP\vscode\Microsoft VS Code\bin;D:\软件\工作软件\eclipse3.0\eclipse;;.] 
2019-08-19 11:41:47.790 [localhost-startStop-1] [DirectJDKLog.java:180] INFO  org.apache.catalina.core.ContainerBase.[Tomcat].[localhost].[/] - Initializing Spring embedded WebApplicationContext 
2019-08-19 11:41:47.790 [localhost-startStop-1] [ServletWebServerApplicationContext.java:285] INFO  org.springframework.web.context.ContextLoader - Root WebApplicationContext: initialization completed in 4521 ms 
2019-08-19 11:41:48.573 [localhost-startStop-1] [AbstractFilterRegistrationBean.java:245] INFO  org.springframework.boot.web.servlet.FilterRegistrationBean - Mapping filter: 'characterEncodingFilter' to: [/*] 
2019-08-19 11:41:48.574 [localhost-startStop-1] [AbstractFilterRegistrationBean.java:245] INFO  org.springframework.boot.web.servlet.FilterRegistrationBean - Mapping filter: 'sessionRepositoryFilter' to: [/*] 
2019-08-19 11:41:48.575 [localhost-startStop-1] [AbstractFilterRegistrationBean.java:245] INFO  org.springframework.boot.web.servlet.FilterRegistrationBean - Mapping filter: 'hiddenHttpMethodFilter' to: [/*] 
2019-08-19 11:41:48.576 [localhost-startStop-1] [AbstractFilterRegistrationBean.java:245] INFO  org.springframework.boot.web.servlet.FilterRegistrationBean - Mapping filter: 'httpPutFormContentFilter' to: [/*] 
2019-08-19 11:41:48.576 [localhost-startStop-1] [AbstractFilterRegistrationBean.java:245] INFO  org.springframework.boot.web.servlet.FilterRegistrationBean - Mapping filter: 'requestContextFilter' to: [/*] 
2019-08-19 11:41:48.576 [localhost-startStop-1] [ServletRegistrationBean.java:187] INFO  org.springframework.boot.web.servlet.ServletRegistrationBean - Servlet dispatcherServlet mapped to [/] 
2019-08-19 11:41:48.849 [main] [HikariDataSource.java:110] INFO  com.zaxxer.hikari.HikariDataSource - HikariPool-1 - Starting... 
2019-08-19 11:41:49.223 [main] [HikariDataSource.java:123] INFO  com.zaxxer.hikari.HikariDataSource - HikariPool-1 - Start completed. 
2019-08-19 11:41:49.316 [main] [LocalContainerEntityManagerFactoryBean.java:361] INFO  org.springframework.orm.jpa.LocalContainerEntityManagerFactoryBean - Building JPA container EntityManagerFactory for persistence unit 'default' 
2019-08-19 11:41:49.354 [main] [LogHelper.java:31] INFO  org.hibernate.jpa.internal.util.LogHelper - HHH000204: Processing PersistenceUnitInfo [
	name: default
	...] 
2019-08-19 11:41:49.562 [main] [Version.java:45] INFO  org.hibernate.Version - HHH000412: Hibernate Core {5.2.17.Final} 
2019-08-19 11:41:49.565 [main] [Environment.java:213] INFO  org.hibernate.cfg.Environment - HHH000206: hibernate.properties not found 
2019-08-19 11:41:49.652 [main] [JavaReflectionManager.java:66] INFO  org.hibernate.annotations.common.Version - HCANN000001: Hibernate Commons Annotations {5.0.1.Final} 
2019-08-19 11:41:50.055 [main] [Dialect.java:157] INFO  org.hibernate.dialect.Dialect - HHH000400: Using dialect: org.hibernate.dialect.MySQL5Dialect 
2019-08-19 11:41:50.841 [main] [AbstractEntityManagerFactoryBean.java:415] INFO  org.springframework.orm.jpa.LocalContainerEntityManagerFactoryBean - Initialized JPA EntityManagerFactory for persistence unit 'default' 
2019-08-19 11:41:52.305 [main] [Slf4JLogger.java:101] INFO  io.lettuce.core.EpollProvider - Starting without optional epoll library 
2019-08-19 11:41:52.308 [main] [Slf4JLogger.java:101] INFO  io.lettuce.core.KqueueProvider - Starting without optional kqueue library 
2019-08-19 11:41:53.044 [main] [AbstractUrlHandlerMapping.java:373] INFO  org.springframework.web.servlet.handler.SimpleUrlHandlerMapping - Mapped URL path [/**/favicon.ico] onto handler of type [class org.springframework.web.servlet.resource.ResourceHttpRequestHandler] 
2019-08-19 11:41:53.526 [main] [RequestMappingHandlerAdapter.java:588] INFO  org.springframework.web.servlet.mvc.method.annotation.RequestMappingHandlerAdapter - Looking for @ControllerAdvice: org.springframework.boot.web.servlet.context.AnnotationConfigServletWebServerApplicationContext@19d481b: startup date [Mon Aug 19 11:41:43 GMT+08:00 2019]; root of context hierarchy 
2019-08-19 11:41:53.605 [main] [JpaBaseConfiguration.java:237] WARN  org.springframework.boot.autoconfigure.orm.jpa.JpaBaseConfiguration$JpaWebConfiguration$JpaWebMvcConfiguration - spring.jpa.open-in-view is enabled by default. Therefore, database queries may be performed during view rendering. Explicitly configure spring.jpa.open-in-view to disable this warning 
2019-08-19 11:41:53.675 [main] [AbstractHandlerMethodMapping.java:549] INFO  org.springframework.web.servlet.mvc.method.annotation.RequestMappingHandlerMapping - Mapped "{[/blog/]}" onto public java.lang.String com.xuyang.blog.controller.BlogController.index() 
2019-08-19 11:41:53.677 [main] [AbstractHandlerMethodMapping.java:549] INFO  org.springframework.web.servlet.mvc.method.annotation.RequestMappingHandlerMapping - Mapped "{[/blog/add]}" onto public java.lang.String com.xuyang.blog.controller.BlogController.add(com.xuyang.blog.entity.Blog) 
2019-08-19 11:41:53.678 [main] [AbstractHandlerMethodMapping.java:549] INFO  org.springframework.web.servlet.mvc.method.annotation.RequestMappingHandlerMapping - Mapped "{[/blog/delete]}" onto public java.lang.String com.xuyang.blog.controller.BlogController.delete(java.lang.Long) 
2019-08-19 11:41:53.679 [main] [AbstractHandlerMethodMapping.java:549] INFO  org.springframework.web.servlet.mvc.method.annotation.RequestMappingHandlerMapping - Mapped "{[/blog/list]}" onto public java.lang.String com.xuyang.blog.controller.BlogController.list(org.springframework.ui.Model) 
2019-08-19 11:41:53.679 [main] [AbstractHandlerMethodMapping.java:549] INFO  org.springframework.web.servlet.mvc.method.annotation.RequestMappingHandlerMapping - Mapped "{[/blog/toAdd]}" onto public java.lang.String com.xuyang.blog.controller.BlogController.toAdd() 
2019-08-19 11:41:53.680 [main] [AbstractHandlerMethodMapping.java:549] INFO  org.springframework.web.servlet.mvc.method.annotation.RequestMappingHandlerMapping - Mapped "{[/blog/toEdit]}" onto public java.lang.String com.xuyang.blog.controller.BlogController.toEdit(org.springframework.ui.Model,java.lang.Long) 
2019-08-19 11:41:53.680 [main] [AbstractHandlerMethodMapping.java:549] INFO  org.springframework.web.servlet.mvc.method.annotation.RequestMappingHandlerMapping - Mapped "{[/blog/edit]}" onto public java.lang.String com.xuyang.blog.controller.BlogController.edit(com.xuyang.blog.entity.Blog) 
2019-08-19 11:41:53.680 [main] [AbstractHandlerMethodMapping.java:549] INFO  org.springframework.web.servlet.mvc.method.annotation.RequestMappingHandlerMapping - Mapped "{[/blog/testMD]}" onto public java.lang.String com.xuyang.blog.controller.BlogController.testMD() 
2019-08-19 11:41:53.681 [main] [AbstractHandlerMethodMapping.java:549] INFO  org.springframework.web.servlet.mvc.method.annotation.RequestMappingHandlerMapping - Mapped "{[/blog/testEditMD]}" onto public java.lang.String com.xuyang.blog.controller.BlogController.testEditMD() 
2019-08-19 11:41:53.681 [main] [AbstractHandlerMethodMapping.java:549] INFO  org.springframework.web.servlet.mvc.method.annotation.RequestMappingHandlerMapping - Mapped "{[/blog/testIndex]}" onto public java.lang.String com.xuyang.blog.controller.BlogController.testIndex() 
2019-08-19 11:41:53.683 [main] [AbstractHandlerMethodMapping.java:549] INFO  org.springframework.web.servlet.mvc.method.annotation.RequestMappingHandlerMapping - Mapped "{[/hello]}" onto public java.lang.String com.xuyang.blog.controller.RestfullAPIController.index() 
2019-08-19 11:41:53.683 [main] [AbstractHandlerMethodMapping.java:549] INFO  org.springframework.web.servlet.mvc.method.annotation.RequestMappingHandlerMapping - Mapped "{[/getUser]}" onto public com.xuyang.blog.entity.User com.xuyang.blog.controller.RestfullAPIController.getUser() 
2019-08-19 11:41:53.684 [main] [AbstractHandlerMethodMapping.java:549] INFO  org.springframework.web.servlet.mvc.method.annotation.RequestMappingHandlerMapping - Mapped "{[/testDB]}" onto public java.util.List<com.xuyang.blog.entity.User> com.xuyang.blog.controller.RestfullAPIController.testDB() 
2019-08-19 11:41:53.685 [main] [AbstractHandlerMethodMapping.java:549] INFO  org.springframework.web.servlet.mvc.method.annotation.RequestMappingHandlerMapping - Mapped "{[/uid]}" onto java.lang.String com.xuyang.blog.controller.RestfullAPIController.uid(javax.servlet.http.HttpSession) 
2019-08-19 11:41:53.687 [main] [AbstractHandlerMethodMapping.java:549] INFO  org.springframework.web.servlet.mvc.method.annotation.RequestMappingHandlerMapping - Mapped "{[/user/]}" onto public java.lang.String com.xuyang.blog.controller.UserController.index() 
2019-08-19 11:41:53.687 [main] [AbstractHandlerMethodMapping.java:549] INFO  org.springframework.web.servlet.mvc.method.annotation.RequestMappingHandlerMapping - Mapped "{[/user/add]}" onto public java.lang.String com.xuyang.blog.controller.UserController.add(com.xuyang.blog.entity.User) 
2019-08-19 11:41:53.692 [main] [AbstractHandlerMethodMapping.java:549] INFO  org.springframework.web.servlet.mvc.method.annotation.RequestMappingHandlerMapping - Mapped "{[/user/delete]}" onto public java.lang.String com.xuyang.blog.controller.UserController.delete(java.lang.Long) 
2019-08-19 11:41:53.694 [main] [AbstractHandlerMethodMapping.java:549] INFO  org.springframework.web.servlet.mvc.method.annotation.RequestMappingHandlerMapping - Mapped "{[/user/list]}" onto public java.lang.String com.xuyang.blog.controller.UserController.list(org.springframework.ui.Model) 
2019-08-19 11:41:53.694 [main] [AbstractHandlerMethodMapping.java:549] INFO  org.springframework.web.servlet.mvc.method.annotation.RequestMappingHandlerMapping - Mapped "{[/user/toAdd]}" onto public java.lang.String com.xuyang.blog.controller.UserController.toAdd() 
2019-08-19 11:41:53.695 [main] [AbstractHandlerMethodMapping.java:549] INFO  org.springframework.web.servlet.mvc.method.annotation.RequestMappingHandlerMapping - Mapped "{[/user/toEdit]}" onto public java.lang.String com.xuyang.blog.controller.UserController.toEdit(org.springframework.ui.Model,java.lang.Long) 
2019-08-19 11:41:53.696 [main] [AbstractHandlerMethodMapping.java:549] INFO  org.springframework.web.servlet.mvc.method.annotation.RequestMappingHandlerMapping - Mapped "{[/user/edit]}" onto public java.lang.String com.xuyang.blog.controller.UserController.edit(com.xuyang.blog.entity.User) 
2019-08-19 11:41:53.703 [main] [AbstractHandlerMethodMapping.java:549] INFO  org.springframework.web.servlet.mvc.method.annotation.RequestMappingHandlerMapping - Mapped "{[/error]}" onto public org.springframework.http.ResponseEntity<java.util.Map<java.lang.String, java.lang.Object>> org.springframework.boot.autoconfigure.web.servlet.error.BasicErrorController.error(javax.servlet.http.HttpServletRequest) 
2019-08-19 11:41:53.705 [main] [AbstractHandlerMethodMapping.java:549] INFO  org.springframework.web.servlet.mvc.method.annotation.RequestMappingHandlerMapping - Mapped "{[/error],produces=[text/html]}" onto public org.springframework.web.servlet.ModelAndView org.springframework.boot.autoconfigure.web.servlet.error.BasicErrorController.errorHtml(javax.servlet.http.HttpServletRequest,javax.servlet.http.HttpServletResponse) 
2019-08-19 11:41:53.772 [main] [AbstractUrlHandlerMapping.java:373] INFO  org.springframework.web.servlet.handler.SimpleUrlHandlerMapping - Mapped URL path [/webjars/**] onto handler of type [class org.springframework.web.servlet.resource.ResourceHttpRequestHandler] 
2019-08-19 11:41:53.773 [main] [AbstractUrlHandlerMapping.java:373] INFO  org.springframework.web.servlet.handler.SimpleUrlHandlerMapping - Mapped URL path [/**] onto handler of type [class org.springframework.web.servlet.resource.ResourceHttpRequestHandler] 
2019-08-19 11:41:54.004 [main] [WelcomePageHandlerMapping.java:61] INFO  org.springframework.boot.autoconfigure.web.servlet.WelcomePageHandlerMapping - Adding welcome page template: index 
2019-08-19 11:41:54.687 [main] [MBeanExporter.java:433] INFO  org.springframework.jmx.export.annotation.AnnotationMBeanExporter - Registering beans for JMX exposure on startup 
2019-08-19 11:41:54.693 [main] [MBeanExporter.java:895] INFO  org.springframework.jmx.export.annotation.AnnotationMBeanExporter - Bean with name 'dataSource' has been autodetected for JMX exposure 
2019-08-19 11:41:54.707 [main] [MBeanExporter.java:668] INFO  org.springframework.jmx.export.annotation.AnnotationMBeanExporter - Located MBean 'dataSource': registering with JMX server as MBean [com.zaxxer.hikari:name=dataSource,type=HikariDataSource] 
2019-08-19 11:41:54.727 [main] [DefaultLifecycleProcessor.java:356] INFO  org.springframework.context.support.DefaultLifecycleProcessor - Starting beans in phase 2147483647 
2019-08-19 11:41:55.263 [main] [ScheduledAnnotationBeanPostProcessor.java:276] INFO  org.springframework.scheduling.annotation.ScheduledAnnotationBeanPostProcessor - No TaskScheduler/ScheduledExecutorService bean found for scheduled processing 
2019-08-19 11:41:55.288 [main] [DirectJDKLog.java:180] INFO  org.apache.coyote.http11.Http11NioProtocol - Starting ProtocolHandler ["http-nio-8080"] 
2019-08-19 11:41:55.291 [main] [DirectJDKLog.java:180] INFO  org.apache.tomcat.util.net.NioSelectorPool - Using a shared selector for servlet write/read 
2019-08-19 11:41:55.386 [main] [TomcatWebServer.java:206] INFO  org.springframework.boot.web.embedded.tomcat.TomcatWebServer - Tomcat started on port(s): 8080 (http) with context path '' 
2019-08-19 11:41:55.394 [main] [StartupInfoLogger.java:59] INFO  com.xuyang.blog.Application - Started Application in 13.031 seconds (JVM running for 14.467) 
2019-08-19 11:42:21.034 [http-nio-8080-exec-1] [DirectJDKLog.java:180] INFO  org.apache.catalina.core.ContainerBase.[Tomcat].[localhost].[/] - Initializing Spring FrameworkServlet 'dispatcherServlet' 
2019-08-19 11:42:21.035 [http-nio-8080-exec-1] [FrameworkServlet.java:494] INFO  org.springframework.web.servlet.DispatcherServlet - FrameworkServlet 'dispatcherServlet': initialization started 
2019-08-19 11:42:21.074 [http-nio-8080-exec-1] [FrameworkServlet.java:509] INFO  org.springframework.web.servlet.DispatcherServlet - FrameworkServlet 'dispatcherServlet': initialization completed in 39 ms 
2019-08-19 21:53:33.737 [main] [StartupInfoLogger.java:50] INFO  com.xuyang.blog.Application - Starting Application on MS-20170409HFPN with PID 4280 (D:\WorkSpaces\myitspace\target\classes started by Administrator in D:\WorkSpaces\myitspace) 
2019-08-19 21:53:33.869 [main] [SpringApplication.java:654] INFO  com.xuyang.blog.Application - No active profile set, falling back to default profiles: default 
2019-08-19 21:53:34.177 [main] [AbstractApplicationContext.java:588] INFO  org.springframework.boot.web.servlet.context.AnnotationConfigServletWebServerApplicationContext - Refreshing org.springframework.boot.web.servlet.context.AnnotationConfigServletWebServerApplicationContext@2abf4075: startup date [Mon Aug 19 21:53:34 GMT+08:00 2019]; root of context hierarchy 
2019-08-19 21:53:37.461 [main] [RepositoryConfigurationDelegate.java:172] INFO  org.springframework.data.repository.config.RepositoryConfigurationDelegate - Multiple Spring Data modules found, entering strict repository configuration mode! 
2019-08-19 21:53:37.858 [main] [RepositoryConfigurationDelegate.java:172] INFO  org.springframework.data.repository.config.RepositoryConfigurationDelegate - Multiple Spring Data modules found, entering strict repository configuration mode! 
2019-08-19 21:53:37.902 [main] [RepositoryConfigurationExtensionSupport.java:291] INFO  org.springframework.data.repository.config.RepositoryConfigurationExtensionSupport - Spring Data Redis - Could not safely identify store assignment for repository candidate interface com.xuyang.blog.repository.BlogRepository. 
2019-08-19 21:53:37.904 [main] [RepositoryConfigurationExtensionSupport.java:291] INFO  org.springframework.data.repository.config.RepositoryConfigurationExtensionSupport - Spring Data Redis - Could not safely identify store assignment for repository candidate interface com.xuyang.blog.repository.UserRepository. 
2019-08-19 21:53:39.171 [main] [PostProcessorRegistrationDelegate.java:326] INFO  org.springframework.context.support.PostProcessorRegistrationDelegate$BeanPostProcessorChecker - Bean 'org.springframework.transaction.annotation.ProxyTransactionManagementConfiguration' of type [org.springframework.transaction.annotation.ProxyTransactionManagementConfiguration$$EnhancerBySpringCGLIB$$1cbef8d5] is not eligible for getting processed by all BeanPostProcessors (for example: not eligible for auto-proxying) 
2019-08-19 21:53:39.280 [main] [PostProcessorRegistrationDelegate.java:326] INFO  org.springframework.context.support.PostProcessorRegistrationDelegate$BeanPostProcessorChecker - Bean 'redisConfig' of type [com.xuyang.blog.config.RedisConfig$$EnhancerBySpringCGLIB$$1313a74] is not eligible for getting processed by all BeanPostProcessors (for example: not eligible for auto-proxying) 
2019-08-19 21:53:39.303 [main] [PostProcessorRegistrationDelegate.java:326] INFO  org.springframework.context.support.PostProcessorRegistrationDelegate$BeanPostProcessorChecker - Bean 'keyGenerator' of type [com.xuyang.blog.config.RedisConfig$1] is not eligible for getting processed by all BeanPostProcessors (for example: not eligible for auto-proxying) 
2019-08-19 21:53:41.609 [main] [TomcatWebServer.java:91] INFO  org.springframework.boot.web.embedded.tomcat.TomcatWebServer - Tomcat initialized with port(s): 8080 (http) 
2019-08-19 21:53:41.662 [main] [DirectJDKLog.java:180] INFO  org.apache.coyote.http11.Http11NioProtocol - Initializing ProtocolHandler ["http-nio-8080"] 
2019-08-19 21:53:41.726 [main] [DirectJDKLog.java:180] INFO  org.apache.catalina.core.StandardService - Starting service [Tomcat] 
2019-08-19 21:53:41.728 [main] [DirectJDKLog.java:180] INFO  org.apache.catalina.core.StandardEngine - Starting Servlet Engine: Apache Tomcat/8.5.34 
2019-08-19 21:53:41.760 [localhost-startStop-1] [DirectJDKLog.java:180] INFO  org.apache.catalina.core.AprLifecycleListener - The APR based Apache Tomcat Native library which allows optimal performance in production environments was not found on the java.library.path: [C:\Program Files\Java\jre1.8.0_121\bin;C:\Windows\Sun\Java\bin;C:\Windows\system32;C:\Windows;C:/Program Files/Java/jre1.8.0_121/bin/server;C:/Program Files/Java/jre1.8.0_121/bin;C:/Program Files/Java/jre1.8.0_121/lib/amd64;D:\APP\python_anaconda3-5.1.0;D:\APP\python_anaconda3-5.1.0\Library\mingw-w64\bin;D:\APP\python_anaconda3-5.1.0\Library\usr\bin;D:\APP\python_anaconda3-5.1.0\Library\bin;D:\APP\python_anaconda3-5.1.0\Scripts;D:\APP\SecureCRT\;C:\ProgramData\Oracle\Java\javapath;C:\Windows\system32;C:\Windows;C:\Windows\System32\Wbem;C:\Windows\System32\WindowsPowerShell\v1.0\;C:\Program Files (x86)\Intel\OpenCL SDK\3.0\bin\x86;C:\Program Files (x86)\Intel\OpenCL SDK\3.0\bin\x64;D:\TortoiseSVN\bin;C:\Program Files\Java\jdk1.8.0_121\bin;C:\Program Files\Java\jdk1.8.0_121\jre\bin;D:\APP\UltraEdit;D:\APP\apache-maven-3.5.3\bin\;C:\Users\Administrator\AppData\Local\Programs\Python\Python36\Scripts\;C:\Users\Administrator\AppData\Local\Programs\Python\Python36\;D:\APP\vscode\Microsoft VS Code\bin;D:\软件\工作软件\eclipse3.0\eclipse;;.] 
2019-08-19 21:53:42.145 [localhost-startStop-1] [DirectJDKLog.java:180] INFO  org.apache.catalina.core.ContainerBase.[Tomcat].[localhost].[/] - Initializing Spring embedded WebApplicationContext 
2019-08-19 21:53:42.145 [localhost-startStop-1] [ServletWebServerApplicationContext.java:285] INFO  org.springframework.web.context.ContextLoader - Root WebApplicationContext: initialization completed in 7985 ms 
2019-08-19 21:53:43.472 [localhost-startStop-1] [AbstractFilterRegistrationBean.java:245] INFO  org.springframework.boot.web.servlet.FilterRegistrationBean - Mapping filter: 'characterEncodingFilter' to: [/*] 
2019-08-19 21:53:43.474 [localhost-startStop-1] [AbstractFilterRegistrationBean.java:245] INFO  org.springframework.boot.web.servlet.FilterRegistrationBean - Mapping filter: 'sessionRepositoryFilter' to: [/*] 
2019-08-19 21:53:43.475 [localhost-startStop-1] [AbstractFilterRegistrationBean.java:245] INFO  org.springframework.boot.web.servlet.FilterRegistrationBean - Mapping filter: 'hiddenHttpMethodFilter' to: [/*] 
2019-08-19 21:53:43.475 [localhost-startStop-1] [AbstractFilterRegistrationBean.java:245] INFO  org.springframework.boot.web.servlet.FilterRegistrationBean - Mapping filter: 'httpPutFormContentFilter' to: [/*] 
2019-08-19 21:53:43.476 [localhost-startStop-1] [AbstractFilterRegistrationBean.java:245] INFO  org.springframework.boot.web.servlet.FilterRegistrationBean - Mapping filter: 'requestContextFilter' to: [/*] 
2019-08-19 21:53:43.477 [localhost-startStop-1] [ServletRegistrationBean.java:187] INFO  org.springframework.boot.web.servlet.ServletRegistrationBean - Servlet dispatcherServlet mapped to [/] 
2019-08-19 21:53:43.920 [main] [HikariDataSource.java:110] INFO  com.zaxxer.hikari.HikariDataSource - HikariPool-1 - Starting... 
2019-08-19 21:53:44.650 [main] [HikariDataSource.java:123] INFO  com.zaxxer.hikari.HikariDataSource - HikariPool-1 - Start completed. 
2019-08-19 21:53:44.820 [main] [LocalContainerEntityManagerFactoryBean.java:361] INFO  org.springframework.orm.jpa.LocalContainerEntityManagerFactoryBean - Building JPA container EntityManagerFactory for persistence unit 'default' 
2019-08-19 21:53:44.889 [main] [LogHelper.java:31] INFO  org.hibernate.jpa.internal.util.LogHelper - HHH000204: Processing PersistenceUnitInfo [
	name: default
	...] 
2019-08-19 21:53:45.359 [main] [Version.java:45] INFO  org.hibernate.Version - HHH000412: Hibernate Core {5.2.17.Final} 
2019-08-19 21:53:45.364 [main] [Environment.java:213] INFO  org.hibernate.cfg.Environment - HHH000206: hibernate.properties not found 
2019-08-19 21:53:45.600 [main] [JavaReflectionManager.java:66] INFO  org.hibernate.annotations.common.Version - HCANN000001: Hibernate Commons Annotations {5.0.1.Final} 
2019-08-19 21:53:46.285 [main] [Dialect.java:157] INFO  org.hibernate.dialect.Dialect - HHH000400: Using dialect: org.hibernate.dialect.MySQL5Dialect 
2019-08-19 21:53:47.509 [main] [AbstractEntityManagerFactoryBean.java:415] INFO  org.springframework.orm.jpa.LocalContainerEntityManagerFactoryBean - Initialized JPA EntityManagerFactory for persistence unit 'default' 
2019-08-19 21:53:49.638 [main] [Slf4JLogger.java:101] INFO  io.lettuce.core.EpollProvider - Starting without optional epoll library 
2019-08-19 21:53:49.644 [main] [Slf4JLogger.java:101] INFO  io.lettuce.core.KqueueProvider - Starting without optional kqueue library 
2019-08-19 21:53:50.731 [main] [AbstractUrlHandlerMapping.java:373] INFO  org.springframework.web.servlet.handler.SimpleUrlHandlerMapping - Mapped URL path [/**/favicon.ico] onto handler of type [class org.springframework.web.servlet.resource.ResourceHttpRequestHandler] 
2019-08-19 21:53:51.443 [main] [RequestMappingHandlerAdapter.java:588] INFO  org.springframework.web.servlet.mvc.method.annotation.RequestMappingHandlerAdapter - Looking for @ControllerAdvice: org.springframework.boot.web.servlet.context.AnnotationConfigServletWebServerApplicationContext@2abf4075: startup date [Mon Aug 19 21:53:34 GMT+08:00 2019]; root of context hierarchy 
2019-08-19 21:53:51.702 [main] [JpaBaseConfiguration.java:237] WARN  org.springframework.boot.autoconfigure.orm.jpa.JpaBaseConfiguration$JpaWebConfiguration$JpaWebMvcConfiguration - spring.jpa.open-in-view is enabled by default. Therefore, database queries may be performed during view rendering. Explicitly configure spring.jpa.open-in-view to disable this warning 
2019-08-19 21:53:52.069 [main] [AbstractHandlerMethodMapping.java:549] INFO  org.springframework.web.servlet.mvc.method.annotation.RequestMappingHandlerMapping - Mapped "{[/blog/]}" onto public java.lang.String com.xuyang.blog.controller.BlogController.index() 
2019-08-19 21:53:52.072 [main] [AbstractHandlerMethodMapping.java:549] INFO  org.springframework.web.servlet.mvc.method.annotation.RequestMappingHandlerMapping - Mapped "{[/blog/add]}" onto public java.lang.String com.xuyang.blog.controller.BlogController.add(com.xuyang.blog.entity.Blog) 
2019-08-19 21:53:52.073 [main] [AbstractHandlerMethodMapping.java:549] INFO  org.springframework.web.servlet.mvc.method.annotation.RequestMappingHandlerMapping - Mapped "{[/blog/delete]}" onto public java.lang.String com.xuyang.blog.controller.BlogController.delete(java.lang.Long) 
2019-08-19 21:53:52.074 [main] [AbstractHandlerMethodMapping.java:549] INFO  org.springframework.web.servlet.mvc.method.annotation.RequestMappingHandlerMapping - Mapped "{[/blog/list]}" onto public java.lang.String com.xuyang.blog.controller.BlogController.list(org.springframework.ui.Model) 
2019-08-19 21:53:52.075 [main] [AbstractHandlerMethodMapping.java:549] INFO  org.springframework.web.servlet.mvc.method.annotation.RequestMappingHandlerMapping - Mapped "{[/blog/toEdit]}" onto public java.lang.String com.xuyang.blog.controller.BlogController.toEdit(org.springframework.ui.Model,java.lang.Long) 
2019-08-19 21:53:52.075 [main] [AbstractHandlerMethodMapping.java:549] INFO  org.springframework.web.servlet.mvc.method.annotation.RequestMappingHandlerMapping - Mapped "{[/blog/toAdd]}" onto public java.lang.String com.xuyang.blog.controller.BlogController.toAdd() 
2019-08-19 21:53:52.076 [main] [AbstractHandlerMethodMapping.java:549] INFO  org.springframework.web.servlet.mvc.method.annotation.RequestMappingHandlerMapping - Mapped "{[/blog/edit]}" onto public java.lang.String com.xuyang.blog.controller.BlogController.edit(com.xuyang.blog.entity.Blog) 
2019-08-19 21:53:52.077 [main] [AbstractHandlerMethodMapping.java:549] INFO  org.springframework.web.servlet.mvc.method.annotation.RequestMappingHandlerMapping - Mapped "{[/blog/testMD]}" onto public java.lang.String com.xuyang.blog.controller.BlogController.testMD() 
2019-08-19 21:53:52.078 [main] [AbstractHandlerMethodMapping.java:549] INFO  org.springframework.web.servlet.mvc.method.annotation.RequestMappingHandlerMapping - Mapped "{[/blog/testEditMD]}" onto public java.lang.String com.xuyang.blog.controller.BlogController.testEditMD() 
2019-08-19 21:53:52.080 [main] [AbstractHandlerMethodMapping.java:549] INFO  org.springframework.web.servlet.mvc.method.annotation.RequestMappingHandlerMapping - Mapped "{[/blog/testIndex]}" onto public java.lang.String com.xuyang.blog.controller.BlogController.testIndex() 
2019-08-19 21:53:52.090 [main] [AbstractHandlerMethodMapping.java:549] INFO  org.springframework.web.servlet.mvc.method.annotation.RequestMappingHandlerMapping - Mapped "{[/]}" onto public java.lang.String com.xuyang.blog.controller.MyController.index() 
2019-08-19 21:53:52.091 [main] [AbstractHandlerMethodMapping.java:549] INFO  org.springframework.web.servlet.mvc.method.annotation.RequestMappingHandlerMapping - Mapped "{[/add]}" onto public java.lang.String com.xuyang.blog.controller.MyController.add(com.xuyang.blog.entity.Blog) 
2019-08-19 21:53:52.094 [main] [AbstractHandlerMethodMapping.java:549] INFO  org.springframework.web.servlet.mvc.method.annotation.RequestMappingHandlerMapping - Mapped "{[/delete]}" onto public java.lang.String com.xuyang.blog.controller.MyController.delete(java.lang.Long) 
2019-08-19 21:53:52.095 [main] [AbstractHandlerMethodMapping.java:549] INFO  org.springframework.web.servlet.mvc.method.annotation.RequestMappingHandlerMapping - Mapped "{[/list]}" onto public java.lang.String com.xuyang.blog.controller.MyController.list(org.springframework.ui.Model) 
2019-08-19 21:53:52.102 [main] [AbstractHandlerMethodMapping.java:549] INFO  org.springframework.web.servlet.mvc.method.annotation.RequestMappingHandlerMapping - Mapped "{[/toEdit]}" onto public java.lang.String com.xuyang.blog.controller.MyController.toEdit(org.springframework.ui.Model,java.lang.Long) 
2019-08-19 21:53:52.219 [main] [AbstractHandlerMethodMapping.java:549] INFO  org.springframework.web.servlet.mvc.method.annotation.RequestMappingHandlerMapping - Mapped "{[/toAdd]}" onto public java.lang.String com.xuyang.blog.controller.MyController.toAdd() 
2019-08-19 21:53:52.221 [main] [AbstractHandlerMethodMapping.java:549] INFO  org.springframework.web.servlet.mvc.method.annotation.RequestMappingHandlerMapping - Mapped "{[/edit]}" onto public java.lang.String com.xuyang.blog.controller.MyController.edit(com.xuyang.blog.entity.Blog) 
2019-08-19 21:53:52.223 [main] [AbstractHandlerMethodMapping.java:549] INFO  org.springframework.web.servlet.mvc.method.annotation.RequestMappingHandlerMapping - Mapped "{[/testMD]}" onto public java.lang.String com.xuyang.blog.controller.MyController.testMD() 
2019-08-19 21:53:52.225 [main] [AbstractHandlerMethodMapping.java:549] INFO  org.springframework.web.servlet.mvc.method.annotation.RequestMappingHandlerMapping - Mapped "{[/testEditMD]}" onto public java.lang.String com.xuyang.blog.controller.MyController.testEditMD() 
2019-08-19 21:53:52.225 [main] [AbstractHandlerMethodMapping.java:549] INFO  org.springframework.web.servlet.mvc.method.annotation.RequestMappingHandlerMapping - Mapped "{[/testIndex]}" onto public java.lang.String com.xuyang.blog.controller.MyController.testIndex() 
2019-08-19 21:53:52.231 [main] [AbstractHandlerMethodMapping.java:549] INFO  org.springframework.web.servlet.mvc.method.annotation.RequestMappingHandlerMapping - Mapped "{[/hello]}" onto public java.lang.String com.xuyang.blog.controller.RestfullAPIController.index() 
2019-08-19 21:53:52.233 [main] [AbstractHandlerMethodMapping.java:549] INFO  org.springframework.web.servlet.mvc.method.annotation.RequestMappingHandlerMapping - Mapped "{[/getUser]}" onto public com.xuyang.blog.entity.User com.xuyang.blog.controller.RestfullAPIController.getUser() 
2019-08-19 21:53:52.234 [main] [AbstractHandlerMethodMapping.java:549] INFO  org.springframework.web.servlet.mvc.method.annotation.RequestMappingHandlerMapping - Mapped "{[/testDB]}" onto public java.util.List<com.xuyang.blog.entity.User> com.xuyang.blog.controller.RestfullAPIController.testDB() 
2019-08-19 21:53:52.235 [main] [AbstractHandlerMethodMapping.java:549] INFO  org.springframework.web.servlet.mvc.method.annotation.RequestMappingHandlerMapping - Mapped "{[/uid]}" onto java.lang.String com.xuyang.blog.controller.RestfullAPIController.uid(javax.servlet.http.HttpSession) 
2019-08-19 21:53:52.238 [main] [AbstractHandlerMethodMapping.java:549] INFO  org.springframework.web.servlet.mvc.method.annotation.RequestMappingHandlerMapping - Mapped "{[/user/]}" onto public java.lang.String com.xuyang.blog.controller.UserController.index() 
2019-08-19 21:53:52.240 [main] [AbstractHandlerMethodMapping.java:549] INFO  org.springframework.web.servlet.mvc.method.annotation.RequestMappingHandlerMapping - Mapped "{[/user/add]}" onto public java.lang.String com.xuyang.blog.controller.UserController.add(com.xuyang.blog.entity.User) 
2019-08-19 21:53:52.244 [main] [AbstractHandlerMethodMapping.java:549] INFO  org.springframework.web.servlet.mvc.method.annotation.RequestMappingHandlerMapping - Mapped "{[/user/delete]}" onto public java.lang.String com.xuyang.blog.controller.UserController.delete(java.lang.Long) 
2019-08-19 21:53:52.248 [main] [AbstractHandlerMethodMapping.java:549] INFO  org.springframework.web.servlet.mvc.method.annotation.RequestMappingHandlerMapping - Mapped "{[/user/list]}" onto public java.lang.String com.xuyang.blog.controller.UserController.list(org.springframework.ui.Model) 
2019-08-19 21:53:52.249 [main] [AbstractHandlerMethodMapping.java:549] INFO  org.springframework.web.servlet.mvc.method.annotation.RequestMappingHandlerMapping - Mapped "{[/user/toEdit]}" onto public java.lang.String com.xuyang.blog.controller.UserController.toEdit(org.springframework.ui.Model,java.lang.Long) 
2019-08-19 21:53:52.360 [main] [AbstractHandlerMethodMapping.java:549] INFO  org.springframework.web.servlet.mvc.method.annotation.RequestMappingHandlerMapping - Mapped "{[/user/toAdd]}" onto public java.lang.String com.xuyang.blog.controller.UserController.toAdd() 
2019-08-19 21:53:52.360 [main] [AbstractHandlerMethodMapping.java:549] INFO  org.springframework.web.servlet.mvc.method.annotation.RequestMappingHandlerMapping - Mapped "{[/user/edit]}" onto public java.lang.String com.xuyang.blog.controller.UserController.edit(com.xuyang.blog.entity.User) 
2019-08-19 21:53:52.369 [main] [AbstractHandlerMethodMapping.java:549] INFO  org.springframework.web.servlet.mvc.method.annotation.RequestMappingHandlerMapping - Mapped "{[/error]}" onto public org.springframework.http.ResponseEntity<java.util.Map<java.lang.String, java.lang.Object>> org.springframework.boot.autoconfigure.web.servlet.error.BasicErrorController.error(javax.servlet.http.HttpServletRequest) 
2019-08-19 21:53:52.372 [main] [AbstractHandlerMethodMapping.java:549] INFO  org.springframework.web.servlet.mvc.method.annotation.RequestMappingHandlerMapping - Mapped "{[/error],produces=[text/html]}" onto public org.springframework.web.servlet.ModelAndView org.springframework.boot.autoconfigure.web.servlet.error.BasicErrorController.errorHtml(javax.servlet.http.HttpServletRequest,javax.servlet.http.HttpServletResponse) 
2019-08-19 21:53:52.616 [main] [AbstractUrlHandlerMapping.java:373] INFO  org.springframework.web.servlet.handler.SimpleUrlHandlerMapping - Mapped URL path [/webjars/**] onto handler of type [class org.springframework.web.servlet.resource.ResourceHttpRequestHandler] 
2019-08-19 21:53:52.616 [main] [AbstractUrlHandlerMapping.java:373] INFO  org.springframework.web.servlet.handler.SimpleUrlHandlerMapping - Mapped URL path [/**] onto handler of type [class org.springframework.web.servlet.resource.ResourceHttpRequestHandler] 
2019-08-19 21:53:52.998 [main] [WelcomePageHandlerMapping.java:61] INFO  org.springframework.boot.autoconfigure.web.servlet.WelcomePageHandlerMapping - Adding welcome page template: index 
2019-08-19 21:53:54.010 [main] [MBeanExporter.java:433] INFO  org.springframework.jmx.export.annotation.AnnotationMBeanExporter - Registering beans for JMX exposure on startup 
2019-08-19 21:53:54.015 [main] [MBeanExporter.java:895] INFO  org.springframework.jmx.export.annotation.AnnotationMBeanExporter - Bean with name 'dataSource' has been autodetected for JMX exposure 
2019-08-19 21:53:54.029 [main] [MBeanExporter.java:668] INFO  org.springframework.jmx.export.annotation.AnnotationMBeanExporter - Located MBean 'dataSource': registering with JMX server as MBean [com.zaxxer.hikari:name=dataSource,type=HikariDataSource] 
2019-08-19 21:53:54.044 [main] [DefaultLifecycleProcessor.java:356] INFO  org.springframework.context.support.DefaultLifecycleProcessor - Starting beans in phase 2147483647 
2019-08-19 21:53:54.595 [main] [ScheduledAnnotationBeanPostProcessor.java:276] INFO  org.springframework.scheduling.annotation.ScheduledAnnotationBeanPostProcessor - No TaskScheduler/ScheduledExecutorService bean found for scheduled processing 
2019-08-19 21:53:54.615 [main] [DirectJDKLog.java:180] INFO  org.apache.coyote.http11.Http11NioProtocol - Starting ProtocolHandler ["http-nio-8080"] 
2019-08-19 21:53:54.619 [main] [DirectJDKLog.java:180] INFO  org.apache.tomcat.util.net.NioSelectorPool - Using a shared selector for servlet write/read 
2019-08-19 21:53:54.783 [main] [TomcatWebServer.java:206] INFO  org.springframework.boot.web.embedded.tomcat.TomcatWebServer - Tomcat started on port(s): 8080 (http) with context path '' 
2019-08-19 21:53:54.795 [main] [StartupInfoLogger.java:59] INFO  com.xuyang.blog.Application - Started Application in 22.777 seconds (JVM running for 24.76) 
2019-08-19 21:54:04.414 [http-nio-8080-exec-1] [DirectJDKLog.java:180] INFO  org.apache.catalina.core.ContainerBase.[Tomcat].[localhost].[/] - Initializing Spring FrameworkServlet 'dispatcherServlet' 
2019-08-19 21:54:04.414 [http-nio-8080-exec-1] [FrameworkServlet.java:494] INFO  org.springframework.web.servlet.DispatcherServlet - FrameworkServlet 'dispatcherServlet': initialization started 
2019-08-19 21:54:04.481 [http-nio-8080-exec-1] [FrameworkServlet.java:509] INFO  org.springframework.web.servlet.DispatcherServlet - FrameworkServlet 'dispatcherServlet': initialization completed in 66 ms 
